============================= test session starts ==============================
platform linux -- Python 3.12.3, pytest-9.1.1, pluggy-1.6.0 -- /usr/bin/python
cachedir: .pytest_cache
rootdir: /home/runner/work/sauvegarde260629/sauvegarde260629
plugins: anyio-4.14.1
collecting ... collected 300 items

backend/tests/test_alerts.py::test_unhealthy_two_consecutive PASSED      [  0%]
backend/tests/test_alerts.py::test_degraded_five_consecutive PASSED      [  0%]
backend/tests/test_alerts.py::test_healthy_resets PASSED                 [  1%]
backend/tests/test_alerts.py::test_degraded_breaks_unhealthy_streak PASSED [  1%]
backend/tests/test_alerts.py::test_unknown_status_noop PASSED            [  1%]
backend/tests/test_cardio_coach_screen.py::TestCardioCoachEndpoint::test_endpoint_returns_200 FAILED [  2%]
backend/tests/test_cardio_coach_screen.py::TestCardioCoachEndpoint::test_response_contains_top_level_fields FAILED [  2%]
backend/tests/test_cardio_coach_screen.py::TestCardioCoachEndpoint::test_recommendation_is_valid FAILED [  2%]
backend/tests/test_cardio_coach_screen.py::TestCardioCoachEndpoint::test_recommendation_color_is_valid FAILED [  3%]
backend/tests/test_cardio_coach_screen.py::TestCardioCoachEndpoint::test_metrics_contains_required_fields FAILED [  3%]
backend/tests/test_cardio_coach_screen.py::TestCardioCoachEndpoint::test_metric_status_values_are_valid FAILED [  3%]
backend/tests/test_cardio_coach_screen.py::TestCardioCoachEndpoint::test_reasons_is_non_empty_list FAILED [  4%]
backend/tests/test_cardio_coach_screen.py::TestCardioCoachEndpoint::test_history_has_at_most_7_entries FAILED [  4%]
backend/tests/test_cardio_coach_screen.py::TestCardioCoachEndpoint::test_history_entries_have_required_fields FAILED [  4%]
backend/tests/test_cardio_coach_screen.py::TestCardioCoachEndpoint::test_next_workout_has_label FAILED [  5%]
backend/tests/test_cardio_coach_screen.py::TestCardioCoachEndpoint::test_mock_flag_is_present FAILED [  5%]
backend/tests/test_cardio_coach_screen.py::TestCardioCoachEndpoint::test_default_user_id_works FAILED [  5%]
backend/tests/test_coach_conversational.py::TestCoachConversationalFormat::test_api_health FAILED [  6%]
backend/tests/test_coach_conversational.py::TestCoachConversationalFormat::test_english_response_no_stars FAILED [  6%]
backend/tests/test_coach_conversational.py::TestCoachConversationalFormat::test_english_response_no_markdown_headers FAILED [  6%]
backend/tests/test_coach_conversational.py::TestCoachConversationalFormat::test_english_response_no_numbered_lists FAILED [  7%]
backend/tests/test_coach_conversational.py::TestCoachConversationalFormat::test_english_response_is_conversational FAILED [  7%]
backend/tests/test_coach_conversational.py::TestCoachConversationalFormat::test_english_response_100_percent_english FAILED [  7%]
backend/tests/test_coach_conversational.py::TestCoachConversationalFormat::test_french_response_no_stars FAILED [  8%]
backend/tests/test_coach_conversational.py::TestCoachConversationalFormat::test_french_response_no_markdown_headers FAILED [  8%]
backend/tests/test_coach_conversational.py::TestCoachConversationalFormat::test_french_response_no_numbered_lists FAILED [  8%]
backend/tests/test_coach_conversational.py::TestCoachConversationalFormat::test_french_response_100_percent_french FAILED [  9%]
backend/tests/test_coach_conversational.py::TestCoachConversationalFormat::test_response_readable_under_15_seconds FAILED [  9%]
backend/tests/test_coach_conversational.py::TestCoachConversationalFormat::test_response_has_coach_tip FAILED [  9%]
backend/tests/test_coach_conversational.py::TestCoachClearHistory::test_clear_history_works FAILED [ 10%]
backend/tests/test_coach_conversational.py::TestQuickActionButtons::test_training_load_question FAILED [ 10%]
backend/tests/test_coach_conversational.py::TestQuickActionButtons::test_heart_rate_question FAILED [ 10%]
backend/tests/test_coach_conversational.py::TestQuickActionButtons::test_pace_consistency_question FAILED [ 11%]
backend/tests/test_dashboard_insight.py::TestDashboardInsightAPI::test_dashboard_insight_returns_200 FAILED [ 11%]
backend/tests/test_dashboard_insight.py::TestDashboardInsightAPI::test_dashboard_insight_has_coach_insight FAILED [ 11%]
backend/tests/test_dashboard_insight.py::TestDashboardInsightAPI::test_coach_insight_is_one_sentence_max_15_words FAILED [ 12%]
backend/tests/test_dashboard_insight.py::TestDashboardInsightAPI::test_dashboard_insight_has_week_stats FAILED [ 12%]
backend/tests/test_dashboard_insight.py::TestDashboardInsightAPI::test_week_sessions_is_count_of_workouts FAILED [ 12%]
backend/tests/test_dashboard_insight.py::TestDashboardInsightAPI::test_week_volume_km_is_total_km FAILED [ 13%]
backend/tests/test_dashboard_insight.py::TestDashboardInsightAPI::test_week_load_signal_is_valid FAILED [ 13%]
backend/tests/test_dashboard_insight.py::TestDashboardInsightAPI::test_dashboard_insight_has_month_stats FAILED [ 13%]
backend/tests/test_dashboard_insight.py::TestDashboardInsightAPI::test_month_volume_km_is_total_30_days FAILED [ 14%]
backend/tests/test_dashboard_insight.py::TestDashboardInsightAPI::test_month_active_weeks_is_count FAILED [ 14%]
backend/tests/test_dashboard_insight.py::TestDashboardInsightAPI::test_month_trend_is_valid FAILED [ 14%]
backend/tests/test_dashboard_insight.py::TestDashboardInsightFrench::test_french_insight_returns_200 FAILED [ 15%]
backend/tests/test_dashboard_insight.py::TestDashboardInsightFrench::test_french_insight_is_in_french FAILED [ 15%]
backend/tests/test_dashboard_insight.py::TestDashboardInsightFrench::test_french_insight_same_structure FAILED [ 15%]
backend/tests/test_dashboard_insight.py::TestDashboardNoRawNumbers::test_no_hr_numbers_in_insight FAILED [ 16%]
backend/tests/test_dashboard_insight.py::TestDashboardNoRawNumbers::test_no_pace_numbers_in_insight FAILED [ 16%]
backend/tests/test_dashboard_insight.py::TestDashboardNoRawNumbers::test_insight_is_action_oriented FAILED [ 16%]
backend/tests/test_detailed_analysis.py::TestDetailedAnalysisEndpoint::test_endpoint_returns_200 FAILED [ 17%]
backend/tests/test_detailed_analysis.py::TestDetailedAnalysisEndpoint::test_response_structure_has_all_required_fields FAILED [ 17%]
backend/tests/test_detailed_analysis.py::TestDetailedAnalysisEndpoint::test_header_has_context_and_session_name FAILED [ 17%]
backend/tests/test_detailed_analysis.py::TestDetailedAnalysisEndpoint::test_header_context_is_one_sentence_max FAILED [ 18%]
backend/tests/test_detailed_analysis.py::TestDetailedAnalysisEndpoint::test_execution_card_has_intensity_volume_regularity FAILED [ 18%]
backend/tests/test_detailed_analysis.py::TestDetailedAnalysisEndpoint::test_execution_intensity_valid_values_en FAILED [ 18%]
backend/tests/test_detailed_analysis.py::TestDetailedAnalysisEndpoint::test_execution_volume_valid_values_en FAILED [ 19%]
backend/tests/test_detailed_analysis.py::TestDetailedAnalysisEndpoint::test_execution_regularity_valid_values_en FAILED [ 19%]
backend/tests/test_detailed_analysis.py::TestDetailedAnalysisEndpoint::test_meaning_text_is_2_3_sentences FAILED [ 19%]
backend/tests/test_detailed_analysis.py::TestDetailedAnalysisEndpoint::test_recovery_text_is_one_key_message FAILED [ 20%]
backend/tests/test_detailed_analysis.py::TestDetailedAnalysisEndpoint::test_advice_text_is_one_recommendation FAILED [ 20%]
backend/tests/test_detailed_analysis.py::TestDetailedAnalysisEndpoint::test_advanced_section_exists FAILED [ 20%]
backend/tests/test_detailed_analysis.py::TestLanguageEnforcement::test_english_response_has_no_french_words FAILED [ 21%]
backend/tests/test_detailed_analysis.py::TestLanguageEnforcement::test_french_response_has_no_english_words FAILED [ 21%]
backend/tests/test_detailed_analysis.py::TestLanguageEnforcement::test_french_execution_values FAILED [ 21%]
backend/tests/test_detailed_analysis.py::TestWorkoutNotFound::test_invalid_workout_returns_404 FAILED [ 22%]
backend/tests/test_detailed_analysis.py::TestResponseQuality::test_response_is_scannable_under_10_seconds FAILED [ 22%]
backend/tests/test_detailed_analysis.py::TestResponseQuality::test_no_excessive_numbers FAILED [ 22%]
backend/tests/test_enhanced_goal.py::TestEnhancedGoalAPI::test_api_health ERROR [ 23%]
backend/tests/test_enhanced_goal.py::TestEnhancedGoalAPI::test_create_goal_5k ERROR [ 23%]
backend/tests/test_enhanced_goal.py::TestEnhancedGoalAPI::test_create_goal_10k ERROR [ 23%]
backend/tests/test_enhanced_goal.py::TestEnhancedGoalAPI::test_create_goal_semi_marathon ERROR [ 24%]
backend/tests/test_enhanced_goal.py::TestEnhancedGoalAPI::test_create_goal_marathon ERROR [ 24%]
backend/tests/test_enhanced_goal.py::TestEnhancedGoalAPI::test_create_goal_ultra ERROR [ 24%]
backend/tests/test_enhanced_goal.py::TestEnhancedGoalAPI::test_goal_without_target_time ERROR [ 25%]
backend/tests/test_enhanced_goal.py::TestEnhancedGoalAPI::test_goal_with_zero_target_time ERROR [ 25%]
backend/tests/test_enhanced_goal.py::TestEnhancedGoalAPI::test_get_goal_returns_all_fields ERROR [ 25%]
backend/tests/test_enhanced_goal.py::TestEnhancedGoalAPI::test_delete_goal ERROR [ 26%]
backend/tests/test_enhanced_goal.py::TestGoalInDigest::test_digest_includes_goal_with_pace ERROR [ 26%]
backend/tests/test_enhanced_goal.py::TestPaceCalculation::test_pace_5k_in_25min ERROR [ 26%]
backend/tests/test_enhanced_goal.py::TestPaceCalculation::test_pace_10k_in_45min ERROR [ 27%]
backend/tests/test_enhanced_goal.py::TestPaceCalculation::test_pace_marathon_in_3h45 ERROR [ 27%]
backend/tests/test_enhanced_goal.py::TestPaceCalculation::test_pace_semi_in_1h30 ERROR [ 27%]
backend/tests/test_mobile_workout_analysis.py::TestMobileWorkoutAnalysis::test_workout_analysis_returns_200 FAILED [ 28%]
backend/tests/test_mobile_workout_analysis.py::TestMobileWorkoutAnalysis::test_response_contains_coach_summary FAILED [ 28%]
backend/tests/test_mobile_workout_analysis.py::TestMobileWorkoutAnalysis::test_response_contains_intensity_card FAILED [ 28%]
backend/tests/test_mobile_workout_analysis.py::TestMobileWorkoutAnalysis::test_response_contains_load_card FAILED [ 29%]
backend/tests/test_mobile_workout_analysis.py::TestMobileWorkoutAnalysis::test_response_contains_session_type_card FAILED [ 29%]
backend/tests/test_mobile_workout_analysis.py::TestMobileWorkoutAnalysis::test_response_contains_insight FAILED [ 29%]
backend/tests/test_mobile_workout_analysis.py::TestMobileWorkoutAnalysis::test_response_contains_guidance FAILED [ 30%]
backend/tests/test_mobile_workout_analysis.py::TestMobileWorkoutAnalysis::test_french_language_support FAILED [ 30%]
backend/tests/test_mobile_workout_analysis.py::TestMobileWorkoutAnalysis::test_workout_not_found_returns_404 FAILED [ 30%]
backend/tests/test_mobile_workout_analysis.py::TestMobileWorkoutAnalysis::test_workout_id_in_response FAILED [ 31%]
backend/tests/test_mobile_workout_analysis.py::TestWorkoutDetailEndpoint::test_workout_detail_returns_200 FAILED [ 31%]
backend/tests/test_mobile_workout_analysis.py::TestWorkoutDetailEndpoint::test_workout_detail_contains_required_fields FAILED [ 31%]
backend/tests/test_mobile_workout_analysis.py::TestWorkoutDetailEndpoint::test_workout_has_strava_data FAILED [ 32%]
backend/tests/test_monitor_worker.py::test_adaptive_interval FAILED      [ 32%]
backend/tests/test_monitor_worker.py::test_state_change_only ERROR       [ 32%]
backend/tests/test_monitor_worker.py::test_degraded_then_escalate ERROR  [ 33%]
backend/tests/test_monitor_worker.py::test_leader_election ERROR         [ 33%]
backend/tests/test_new_features.py::TestRecoveryScore::test_dashboard_insight_returns_recovery_score FAILED [ 33%]
backend/tests/test_new_features.py::TestRecoveryScore::test_recovery_score_has_required_fields FAILED [ 34%]
backend/tests/test_new_features.py::TestRecoveryScore::test_recovery_score_value_range FAILED [ 34%]
backend/tests/test_new_features.py::TestRecoveryScore::test_recovery_score_status_values FAILED [ 34%]
backend/tests/test_new_features.py::TestRecoveryScore::test_recovery_score_phrase_not_empty FAILED [ 35%]
backend/tests/test_new_features.py::TestRecoveryScore::test_recovery_score_french_language FAILED [ 35%]
backend/tests/test_new_features.py::TestUserGoal::test_create_goal_success ERROR [ 35%]
backend/tests/test_new_features.py::TestUserGoal::test_create_goal_returns_correct_data ERROR [ 36%]
backend/tests/test_new_features.py::TestUserGoal::test_get_goal_returns_created_goal ERROR [ 36%]
backend/tests/test_new_features.py::TestUserGoal::test_get_goal_returns_null_when_no_goal ERROR [ 36%]
backend/tests/test_new_features.py::TestUserGoal::test_delete_goal_success ERROR [ 37%]
backend/tests/test_new_features.py::TestUserGoal::test_delete_goal_verify_removed ERROR [ 37%]
backend/tests/test_new_features.py::TestUserGoal::test_update_goal_replaces_existing ERROR [ 37%]
backend/tests/test_new_features.py::TestWeeklyReviewWithGoal::test_digest_returns_user_goal FAILED [ 38%]
backend/tests/test_new_features.py::TestWeeklyReviewWithGoal::test_digest_user_goal_has_correct_fields FAILED [ 38%]
backend/tests/test_new_features.py::TestWeeklyReviewWithGoal::test_digest_returns_recommendations_followup FAILED [ 38%]
backend/tests/test_new_features.py::TestWeeklyReviewWithGoal::test_digest_recommendations_followup_is_string FAILED [ 39%]
backend/tests/test_new_features.py::TestWeeklyReviewWithGoal::test_digest_french_with_goal FAILED [ 39%]
backend/tests/test_new_features.py::TestWeeklyReviewWithGoal::test_digest_still_has_core_fields FAILED [ 39%]
backend/tests/test_new_features.py::TestDashboardInsightComplete::test_dashboard_insight_has_all_fields FAILED [ 40%]
backend/tests/test_new_features.py::TestDashboardInsightComplete::test_week_stats_structure FAILED [ 40%]
backend/tests/test_new_features.py::TestDashboardInsightComplete::test_month_stats_structure FAILED [ 40%]
backend/tests/test_queue_health.py::test_redis_ok_empty ERROR            [ 41%]
backend/tests/test_queue_health.py::test_redis_unavailable FAILED        [ 41%]
backend/tests/test_queue_health.py::test_queue_loaded ERROR              [ 41%]
backend/tests/test_queue_health.py::test_worker_absent ERROR             [ 42%]
backend/tests/test_queue_health.py::test_orphan_counter ERROR            [ 42%]
backend/tests/test_queue_health.py::test_latency ERROR                   [ 42%]
backend/tests/test_rag_endpoints.py::TestRAGDashboard::test_rag_dashboard_returns_200 FAILED [ 43%]
backend/tests/test_rag_endpoints.py::TestRAGDashboard::test_rag_dashboard_km_total_greater_than_zero FAILED [ 43%]
backend/tests/test_rag_endpoints.py::TestRAGDashboard::test_rag_dashboard_nb_seances_greater_than_zero FAILED [ 43%]
backend/tests/test_rag_endpoints.py::TestRAGDashboard::test_rag_dashboard_allure_moy_not_na FAILED [ 44%]
backend/tests/test_rag_endpoints.py::TestRAGDashboard::test_rag_dashboard_duree_totale_not_zero FAILED [ 44%]
backend/tests/test_rag_endpoints.py::TestRAGDashboard::test_rag_dashboard_has_rag_summary FAILED [ 44%]
backend/tests/test_rag_endpoints.py::TestRAGDashboard::test_rag_dashboard_has_points_forts FAILED [ 45%]
backend/tests/test_rag_endpoints.py::TestRAGWeeklyReview::test_rag_weekly_review_returns_200 FAILED [ 45%]
backend/tests/test_rag_endpoints.py::TestRAGWeeklyReview::test_rag_weekly_review_km_total_greater_than_zero FAILED [ 45%]
backend/tests/test_rag_endpoints.py::TestRAGWeeklyReview::test_rag_weekly_review_has_comparison FAILED [ 46%]
backend/tests/test_rag_endpoints.py::TestRAGWeeklyReview::test_rag_weekly_review_has_rag_summary FAILED [ 46%]
backend/tests/test_rag_endpoints.py::TestRAGWorkoutAnalysis::test_rag_workout_analysis_returns_200 FAILED [ 46%]
backend/tests/test_rag_endpoints.py::TestRAGWorkoutAnalysis::test_rag_workout_analysis_km_greater_than_zero FAILED [ 47%]
backend/tests/test_rag_endpoints.py::TestRAGWorkoutAnalysis::test_rag_workout_analysis_duree_not_zero FAILED [ 47%]
backend/tests/test_rag_endpoints.py::TestRAGWorkoutAnalysis::test_rag_workout_analysis_has_comparison FAILED [ 47%]
backend/tests/test_rag_endpoints.py::TestRAGWorkoutAnalysis::test_rag_workout_analysis_404_for_invalid_id FAILED [ 48%]
backend/tests/test_rag_endpoints.py::TestWorkoutsEndpoint::test_workouts_returns_200 FAILED [ 48%]
backend/tests/test_rag_endpoints.py::TestWorkoutsEndpoint::test_workouts_returns_expected_count FAILED [ 48%]
backend/tests/test_rag_endpoints.py::TestWorkoutsEndpoint::test_workouts_have_required_fields FAILED [ 49%]
backend/tests/test_rag_endpoints.py::TestDashboardInsight::test_dashboard_insight_returns_200 FAILED [ 49%]
backend/tests/test_rag_endpoints.py::TestDashboardInsight::test_dashboard_insight_has_coach_insight FAILED [ 49%]
backend/tests/test_rag_endpoints.py::TestDashboardInsight::test_dashboard_insight_has_week_data FAILED [ 50%]
backend/tests/test_rag_endpoints.py::TestDashboardInsight::test_dashboard_insight_has_recovery_score FAILED [ 50%]
backend/tests/test_rag_enrichment.py::TestRAGWorkoutSplitAnalysis::test_workout_has_split_analysis FAILED [ 50%]
backend/tests/test_rag_enrichment.py::TestRAGWorkoutSplitAnalysis::test_split_analysis_has_fastest_km FAILED [ 51%]
backend/tests/test_rag_enrichment.py::TestRAGWorkoutSplitAnalysis::test_split_analysis_has_slowest_km FAILED [ 51%]
backend/tests/test_rag_enrichment.py::TestRAGWorkoutSplitAnalysis::test_split_analysis_has_pace_drop FAILED [ 51%]
backend/tests/test_rag_enrichment.py::TestRAGWorkoutSplitAnalysis::test_split_analysis_has_consistency_score FAILED [ 52%]
backend/tests/test_rag_enrichment.py::TestRAGWorkoutSplitAnalysis::test_split_analysis_has_negative_split FAILED [ 52%]
backend/tests/test_rag_enrichment.py::TestRAGWorkoutHRAnalysis::test_workout_has_hr_analysis FAILED [ 52%]
backend/tests/test_rag_enrichment.py::TestRAGWorkoutHRAnalysis::test_hr_analysis_has_min_hr FAILED [ 53%]
backend/tests/test_rag_enrichment.py::TestRAGWorkoutHRAnalysis::test_hr_analysis_has_avg_hr FAILED [ 53%]
backend/tests/test_rag_enrichment.py::TestRAGWorkoutHRAnalysis::test_hr_analysis_has_max_hr FAILED [ 53%]
backend/tests/test_rag_enrichment.py::TestRAGWorkoutHRAnalysis::test_hr_analysis_has_hr_drift FAILED [ 54%]
backend/tests/test_rag_enrichment.py::TestRAGWorkoutHRAnalysis::test_hr_values_logical FAILED [ 54%]
backend/tests/test_rag_enrichment.py::TestRAGWorkoutCadenceAnalysis::test_workout_has_cadence_analysis FAILED [ 54%]
backend/tests/test_rag_enrichment.py::TestRAGWorkoutCadenceAnalysis::test_cadence_analysis_has_min_cadence FAILED [ 55%]
backend/tests/test_rag_enrichment.py::TestRAGWorkoutCadenceAnalysis::test_cadence_analysis_has_max_cadence FAILED [ 55%]
backend/tests/test_rag_enrichment.py::TestRAGWorkoutCadenceAnalysis::test_cadence_analysis_has_avg_cadence FAILED [ 55%]
backend/tests/test_rag_enrichment.py::TestRAGWorkoutCadenceAnalysis::test_cadence_analysis_has_stability FAILED [ 56%]
backend/tests/test_rag_enrichment.py::TestRAGWorkoutComparison::test_comparison_has_splits_comparison FAILED [ 56%]
backend/tests/test_rag_enrichment.py::TestRAGWorkoutComparison::test_comparison_has_progression FAILED [ 56%]
backend/tests/test_rag_enrichment.py::TestRAGSources::test_rag_sources_indicates_detailed_data FAILED [ 57%]
backend/tests/test_realtime_sync_pipeline.py::TestHealth::test_queue_health FAILED [ 57%]
backend/tests/test_realtime_sync_pipeline.py::TestHealth::test_garmin_status_connected FAILED [ 57%]
backend/tests/test_realtime_sync_pipeline.py::TestSyncAndIngestion::test_sync_returns_fast_and_queued FAILED [ 58%]
backend/tests/test_realtime_sync_pipeline.py::TestSyncAndIngestion::test_sync_worker_processes_and_updates_last_sync FAILED [ 58%]
backend/tests/test_realtime_sync_pipeline.py::TestSyncAndIngestion::test_activities_populated_and_deduped FAILED [ 58%]
backend/tests/test_realtime_sync_pipeline.py::TestEventFanOut::test_stream_key_exists FAILED [ 59%]
backend/tests/test_realtime_sync_pipeline.py::TestEventFanOut::test_feed_cache_warmed FAILED [ 59%]
backend/tests/test_realtime_sync_pipeline.py::TestEventFanOut::test_activities_source_cache FAILED [ 59%]
backend/tests/test_realtime_sync_pipeline.py::TestEventFanOut::test_workouts_derived_layer_populated FAILED [ 60%]
backend/tests/test_realtime_sync_pipeline.py::TestSinceFilter::test_since_filter_returns_only_newer FAILED [ 60%]
backend/tests/test_realtime_sync_pipeline.py::TestActivitySignal::test_signal_sets_key_and_no_sync FAILED [ 60%]
backend/tests/test_realtime_sync_pipeline.py::TestRateLimiter::test_cooldown_key_set_after_sync FAILED [ 61%]
backend/tests/test_realtime_sync_pipeline.py::TestRateLimiter::test_global_active_counter_exists_and_bounded FAILED [ 61%]
backend/tests/test_realtime_sync_pipeline.py::TestBackwardCompat::test_activities_response_shape FAILED [ 61%]
backend/tests/test_reliable_queue.py::test_worker_kill9_recovery ERROR   [ 62%]
backend/tests/test_reliable_queue.py::test_ack_removes_once ERROR        [ 62%]
backend/tests/test_reliable_queue.py::test_redis_restart_durability ERROR [ 62%]
backend/tests/test_secrets.py::test_present PASSED                       [ 63%]
backend/tests/test_secrets.py::test_missing_optional PASSED              [ 63%]
backend/tests/test_secrets.py::test_empty_treated_as_missing PASSED      [ 63%]
backend/tests/test_secrets.py::test_required_missing_raises PASSED       [ 64%]
backend/tests/test_sse.py::test_stream_delivers_and_filters FAILED       [ 64%]
backend/tests/test_sse.py::test_reconnect_from_last_id FAILED            [ 64%]
backend/tests/test_subscription.py::TestSubscriptionEndpoints::test_subscription_info_endpoint_returns_200 FAILED [ 65%]
backend/tests/test_subscription.py::TestSubscriptionEndpoints::test_new_user_gets_trial_status FAILED [ 65%]
backend/tests/test_subscription.py::TestSubscriptionEndpoints::test_trial_user_has_all_features FAILED [ 65%]
backend/tests/test_subscription.py::TestSubscriptionEndpoints::test_subscription_display_info_french FAILED [ 66%]
backend/tests/test_subscription.py::TestSubscriptionEndpoints::test_subscription_display_info_english FAILED [ 66%]
backend/tests/test_subscription.py::TestSubscriptionEndpoints::test_trial_days_remaining FAILED [ 66%]
backend/tests/test_subscription.py::TestSubscriptionEndpoints::test_early_adopter_offer_endpoint FAILED [ 67%]
backend/tests/test_subscription.py::TestSubscriptionEndpoints::test_early_adopter_offer_english FAILED [ 67%]
backend/tests/test_subscription.py::TestSubscriptionEndpoints::test_early_adopter_checkout_creates_session FAILED [ 67%]
backend/tests/test_subscription.py::TestSubscriptionEndpoints::test_checkout_session_has_correct_amount FAILED [ 68%]
backend/tests/test_subscription.py::TestSubscriptionEndpoints::test_verify_checkout_activates_early_adopter FAILED [ 68%]
backend/tests/test_subscription.py::TestSubscriptionEndpoints::test_simulate_trial_end_sets_free_status FAILED [ 68%]
backend/tests/test_subscription.py::TestSubscriptionEndpoints::test_free_user_has_limited_features FAILED [ 69%]
backend/tests/test_subscription.py::TestSubscriptionEndpoints::test_activate_early_adopter_endpoint FAILED [ 69%]
backend/tests/test_subscription.py::TestSubscriptionEndpoints::test_early_adopter_has_all_features FAILED [ 69%]
backend/tests/test_subscription.py::TestSubscriptionEndpoints::test_early_adopter_display_info FAILED [ 70%]
backend/tests/test_subscription.py::TestSubscriptionEndpoints::test_cancel_subscription_sets_free_status FAILED [ 70%]
backend/tests/test_subscription.py::TestSubscriptionEndpoints::test_reset_to_trial FAILED [ 70%]
backend/tests/test_subscription_chat.py::TestSubscriptionTiers::test_get_subscription_tiers FAILED [ 71%]
backend/tests/test_subscription_chat.py::TestSubscriptionTiers::test_free_tier_details FAILED [ 71%]
backend/tests/test_subscription_chat.py::TestSubscriptionTiers::test_starter_tier_details FAILED [ 71%]
backend/tests/test_subscription_chat.py::TestSubscriptionTiers::test_confort_tier_details FAILED [ 72%]
backend/tests/test_subscription_chat.py::TestSubscriptionTiers::test_pro_tier_unlimited FAILED [ 72%]
backend/tests/test_subscription_chat.py::TestSubscriptionStatus::test_get_subscription_status FAILED [ 72%]
backend/tests/test_subscription_chat.py::TestSubscriptionStatus::test_subscription_status_has_correct_fields FAILED [ 73%]
backend/tests/test_subscription_chat.py::TestSubscriptionStatus::test_subscription_status_for_new_user FAILED [ 73%]
backend/tests/test_subscription_chat.py::TestStripeCheckout::test_create_checkout_session_starter FAILED [ 73%]
backend/tests/test_subscription_chat.py::TestStripeCheckout::test_create_checkout_session_confort FAILED [ 74%]
backend/tests/test_subscription_chat.py::TestStripeCheckout::test_create_checkout_session_pro FAILED [ 74%]
backend/tests/test_subscription_chat.py::TestStripeCheckout::test_checkout_invalid_tier_rejected FAILED [ 74%]
backend/tests/test_subscription_chat.py::TestChatCoach::test_send_chat_message FAILED [ 75%]
backend/tests/test_subscription_chat.py::TestChatCoach::test_chat_response_about_fatigue FAILED [ 75%]
backend/tests/test_subscription_chat.py::TestChatCoach::test_chat_response_about_cadence FAILED [ 75%]
backend/tests/test_subscription_chat.py::TestChatCoach::test_chat_response_about_recovery FAILED [ 76%]
backend/tests/test_subscription_chat.py::TestChatCoach::test_chat_history FAILED [ 76%]
backend/tests/test_subscription_chat.py::TestChatCoach::test_chat_decrements_messages_remaining FAILED [ 76%]
backend/tests/test_subscription_chat.py::TestChatEngine::test_fallback_response_for_unknown_query FAILED [ 77%]
backend/tests/test_subscription_chat.py::TestChatEngine::test_chat_response_in_french FAILED [ 77%]
backend/tests/test_sync_scheduler.py::test_classify_tier PASSED          [ 77%]
backend/tests/test_sync_scheduler.py::test_is_due PASSED                 [ 78%]
backend/tests/test_sync_scheduler.py::test_cooldown ERROR                [ 78%]
backend/tests/test_sync_scheduler.py::test_global_cap ERROR              [ 78%]
backend/tests/test_sync_scheduler.py::test_feed_cache ERROR              [ 79%]
backend/tests/test_terra_integration.py::TestTerraStatusEndpoint::test_terra_status_not_connected FAILED [ 79%]
backend/tests/test_terra_integration.py::TestTerraStatusEndpoint::test_terra_status_fields_present FAILED [ 79%]
backend/tests/test_terra_integration.py::TestTerraConnectDisconnect::test_terra_connect_stores_token FAILED [ 80%]
backend/tests/test_terra_integration.py::TestTerraConnectDisconnect::test_terra_connect_requires_token FAILED [ 80%]
backend/tests/test_terra_integration.py::TestTerraConnectDisconnect::test_terra_disconnect_returns_success FAILED [ 80%]
backend/tests/test_terra_integration.py::TestTerraSyncEndpoints::test_terra_sync_not_connected FAILED [ 81%]
backend/tests/test_terra_integration.py::TestTerraSyncEndpoints::test_terra_sync_daily_not_connected FAILED [ 81%]
backend/tests/test_terra_integration.py::TestTerraMetricsEndpoints::test_terra_recovery_no_data FAILED [ 81%]
backend/tests/test_terra_integration.py::TestTerraMetricsEndpoints::test_terra_recommendation_no_data FAILED [ 82%]
backend/tests/test_terra_integration.py::TestTerraMetricsEndpoints::test_terra_daily_metrics_no_data FAILED [ 82%]
backend/tests/test_terra_integration.py::TestExistingFunctionalityNotBroken::test_api_root FAILED [ 82%]
backend/tests/test_terra_integration.py::TestExistingFunctionalityNotBroken::test_strava_status_still_works FAILED [ 83%]
backend/tests/test_terra_integration.py::TestExistingFunctionalityNotBroken::test_get_workouts_still_works FAILED [ 83%]
backend/tests/test_terra_integration.py::TestExistingFunctionalityNotBroken::test_get_stats_still_works FAILED [ 83%]
backend/tests/test_training_plan_vma.py::TestTrainingPlanVMA::test_training_plan_returns_200 FAILED [ 84%]
backend/tests/test_training_plan_vma.py::TestTrainingPlanVMA::test_plan_contains_vma_field FAILED [ 84%]
backend/tests/test_training_plan_vma.py::TestTrainingPlanVMA::test_plan_contains_vo2max_field FAILED [ 84%]
backend/tests/test_training_plan_vma.py::TestTrainingPlanVMA::test_plan_contains_readiness_score FAILED [ 85%]
backend/tests/test_training_plan_vma.py::TestTrainingPlanVMA::test_plan_contains_prep_status FAILED [ 85%]
backend/tests/test_training_plan_vma.py::TestTrainingPlanVMA::test_plan_contains_adjusted_weeks FAILED [ 85%]
backend/tests/test_training_plan_vma.py::TestTrainingPlanVMA::test_plan_contains_personalized_paces FAILED [ 86%]
backend/tests/test_training_plan_vma.py::TestSessionsWithPersonalizedPaces::test_sessions_exist_in_plan FAILED [ 86%]
backend/tests/test_training_plan_vma.py::TestSessionsWithPersonalizedPaces::test_sessions_have_required_fields FAILED [ 86%]
backend/tests/test_training_plan_vma.py::TestSessionsWithPersonalizedPaces::test_non_rest_sessions_contain_pace_in_details FAILED [ 87%]
backend/tests/test_training_plan_vma.py::TestSessionsWithPersonalizedPaces::test_session_paces_match_vma_derived_paces FAILED [ 87%]
backend/tests/test_training_plan_vma.py::TestPlanAdaptation::test_context_contains_fitness_metrics FAILED [ 87%]
backend/tests/test_training_plan_vma.py::TestPlanAdaptation::test_adjusted_weeks_varies_with_prep_status FAILED [ 88%]
backend/tests/test_training_plan_vma.py::TestTrainingPlanRefresh::test_refresh_plan_returns_200 FAILED [ 88%]
backend/tests/test_training_plan_vma.py::TestTrainingPlanRefresh::test_refresh_with_sessions_parameter FAILED [ 88%]
backend/tests/test_training_plan_vma.py::TestFullCycleWithVMA::test_full_cycle_returns_200 FAILED [ 89%]
backend/tests/test_training_plan_vma.py::TestFullCycleWithVMA::test_full_cycle_weeks_have_required_fields FAILED [ 89%]
backend/tests/test_training_plan_vma.py::TestPacesCalculation::test_z1_pace_slower_than_z5 FAILED [ 89%]
backend/tests/test_training_plan_vma.py::TestPacesCalculation::test_marathon_pace_slower_than_semi_pace FAILED [ 90%]
backend/tests/test_training_plan_vma.py::TestPacesCalculation::test_paces_are_realistic_for_vma FAILED [ 90%]
backend/tests/test_weekly_digest.py::TestWeeklyDigestAPI::test_digest_endpoint_returns_200 FAILED [ 90%]
backend/tests/test_weekly_digest.py::TestWeeklyDigestAPI::test_digest_response_structure FAILED [ 91%]
backend/tests/test_weekly_digest.py::TestWeeklyDigestAPI::test_digest_executive_summary_is_short FAILED [ 91%]
backend/tests/test_weekly_digest.py::TestWeeklyDigestAPI::test_digest_metrics_structure FAILED [ 91%]
backend/tests/test_weekly_digest.py::TestWeeklyDigestAPI::test_digest_signals_structure FAILED [ 92%]
backend/tests/test_weekly_digest.py::TestWeeklyDigestAPI::test_digest_insights_max_three FAILED [ 92%]
backend/tests/test_weekly_digest.py::TestWeeklyDigestAPI::test_digest_zone_distribution FAILED [ 92%]
backend/tests/test_weekly_digest.py::TestWeeklyDigestAPI::test_digest_french_language FAILED [ 93%]
backend/tests/test_weekly_digest.py::TestWeeklyDigestAPI::test_digest_no_strava_garmin_references FAILED [ 93%]
backend/tests/test_weekly_digest.py::TestWeeklyDigestAPI::test_digest_period_dates_valid FAILED [ 93%]
backend/tests/test_weekly_digest.py::TestWeeklyDigestAPI::test_digest_generated_at_timestamp FAILED [ 94%]
backend/tests/test_weekly_digest.py::TestDigestLatestEndpoint::test_digest_latest_endpoint FAILED [ 94%]
backend/tests/test_weekly_review.py::TestWeeklyReviewEndpoint::test_digest_endpoint_returns_200 FAILED [ 94%]
backend/tests/test_weekly_review.py::TestWeeklyReviewEndpoint::test_response_has_coach_summary FAILED [ 95%]
backend/tests/test_weekly_review.py::TestWeeklyReviewEndpoint::test_response_has_signals FAILED [ 95%]
backend/tests/test_weekly_review.py::TestWeeklyReviewEndpoint::test_signals_have_correct_structure FAILED [ 95%]
backend/tests/test_weekly_review.py::TestWeeklyReviewEndpoint::test_response_has_metrics FAILED [ 96%]
backend/tests/test_weekly_review.py::TestWeeklyReviewEndpoint::test_response_has_comparison FAILED [ 96%]
backend/tests/test_weekly_review.py::TestWeeklyReviewEndpoint::test_response_has_coach_reading FAILED [ 96%]
backend/tests/test_weekly_review.py::TestWeeklyReviewEndpoint::test_response_has_recommendations FAILED [ 97%]
backend/tests/test_weekly_review.py::TestWeeklyReviewEndpoint::test_response_has_period_dates FAILED [ 97%]
backend/tests/test_weekly_review.py::TestWeeklyReviewFrench::test_french_digest_returns_200 FAILED [ 97%]
backend/tests/test_weekly_review.py::TestWeeklyReviewFrench::test_french_coach_summary_is_french FAILED [ 98%]
backend/tests/test_weekly_review.py::TestWeeklyReviewFrench::test_french_response_has_same_structure FAILED [ 98%]
backend/tests/test_weekly_review.py::TestWeeklyReviewContentQuality::test_coach_summary_is_one_sentence FAILED [ 98%]
backend/tests/test_weekly_review.py::TestWeeklyReviewContentQuality::test_coach_reading_is_2_3_sentences FAILED [ 99%]
backend/tests/test_weekly_review.py::TestWeeklyReviewContentQuality::test_recommendations_are_action_oriented FAILED [ 99%]
backend/tests/test_weekly_review.py::TestWeeklyReviewContentQuality::test_no_markdown_in_content FAILED [ 99%]
backend/tests/test_weekly_review.py::TestWeeklyReviewLatestEndpoint::test_latest_digest_returns_200_or_null FAILED [100%]

==================================== ERRORS ====================================
____________ ERROR at setup of TestEnhancedGoalAPI.test_api_health _____________
backend/tests/test_enhanced_goal.py:22: in cleanup
    requests.delete(f"{BASE_URL}/api/user/goal?user_id=default")
/usr/lib/python3/dist-packages/requests/api.py:157: in delete
    return request("delete", url, **kwargs)
           ^^^^^^^^^^^^^^^^^^^^^^^^^^^^^^^^
/usr/lib/python3/dist-packages/requests/api.py:59: in request
    return session.request(method=method, url=url, **kwargs)
           ^^^^^^^^^^^^^^^^^^^^^^^^^^^^^^^^^^^^^^^^^^^^^^^^^
/usr/lib/python3/dist-packages/requests/sessions.py:575: in request
    prep = self.prepare_request(req)
           ^^^^^^^^^^^^^^^^^^^^^^^^^
/usr/lib/python3/dist-packages/requests/sessions.py:486: in prepare_request
    p.prepare(
/usr/lib/python3/dist-packages/requests/models.py:368: in prepare
    self.prepare_url(url, params)
/usr/lib/python3/dist-packages/requests/models.py:439: in prepare_url
    raise MissingSchema(
E   requests.exceptions.MissingSchema: Invalid URL '/api/user/goal?user_id=default': No scheme supplied. Perhaps you meant https:///api/user/goal?user_id=default?
__________ ERROR at setup of TestEnhancedGoalAPI.test_create_goal_5k ___________
backend/tests/test_enhanced_goal.py:22: in cleanup
    requests.delete(f"{BASE_URL}/api/user/goal?user_id=default")
/usr/lib/python3/dist-packages/requests/api.py:157: in delete
    return request("delete", url, **kwargs)
           ^^^^^^^^^^^^^^^^^^^^^^^^^^^^^^^^
/usr/lib/python3/dist-packages/requests/api.py:59: in request
    return session.request(method=method, url=url, **kwargs)
           ^^^^^^^^^^^^^^^^^^^^^^^^^^^^^^^^^^^^^^^^^^^^^^^^^
/usr/lib/python3/dist-packages/requests/sessions.py:575: in request
    prep = self.prepare_request(req)
           ^^^^^^^^^^^^^^^^^^^^^^^^^
/usr/lib/python3/dist-packages/requests/sessions.py:486: in prepare_request
    p.prepare(
/usr/lib/python3/dist-packages/requests/models.py:368: in prepare
    self.prepare_url(url, params)
/usr/lib/python3/dist-packages/requests/models.py:439: in prepare_url
    raise MissingSchema(
E   requests.exceptions.MissingSchema: Invalid URL '/api/user/goal?user_id=default': No scheme supplied. Perhaps you meant https:///api/user/goal?user_id=default?
__________ ERROR at setup of TestEnhancedGoalAPI.test_create_goal_10k __________
backend/tests/test_enhanced_goal.py:22: in cleanup
    requests.delete(f"{BASE_URL}/api/user/goal?user_id=default")
/usr/lib/python3/dist-packages/requests/api.py:157: in delete
    return request("delete", url, **kwargs)
           ^^^^^^^^^^^^^^^^^^^^^^^^^^^^^^^^
/usr/lib/python3/dist-packages/requests/api.py:59: in request
    return session.request(method=method, url=url, **kwargs)
           ^^^^^^^^^^^^^^^^^^^^^^^^^^^^^^^^^^^^^^^^^^^^^^^^^
/usr/lib/python3/dist-packages/requests/sessions.py:575: in request
    prep = self.prepare_request(req)
           ^^^^^^^^^^^^^^^^^^^^^^^^^
/usr/lib/python3/dist-packages/requests/sessions.py:486: in prepare_request
    p.prepare(
/usr/lib/python3/dist-packages/requests/models.py:368: in prepare
    self.prepare_url(url, params)
/usr/lib/python3/dist-packages/requests/models.py:439: in prepare_url
    raise MissingSchema(
E   requests.exceptions.MissingSchema: Invalid URL '/api/user/goal?user_id=default': No scheme supplied. Perhaps you meant https:///api/user/goal?user_id=default?
_____ ERROR at setup of TestEnhancedGoalAPI.test_create_goal_semi_marathon _____
backend/tests/test_enhanced_goal.py:22: in cleanup
    requests.delete(f"{BASE_URL}/api/user/goal?user_id=default")
/usr/lib/python3/dist-packages/requests/api.py:157: in delete
    return request("delete", url, **kwargs)
           ^^^^^^^^^^^^^^^^^^^^^^^^^^^^^^^^
/usr/lib/python3/dist-packages/requests/api.py:59: in request
    return session.request(method=method, url=url, **kwargs)
           ^^^^^^^^^^^^^^^^^^^^^^^^^^^^^^^^^^^^^^^^^^^^^^^^^
/usr/lib/python3/dist-packages/requests/sessions.py:575: in request
    prep = self.prepare_request(req)
           ^^^^^^^^^^^^^^^^^^^^^^^^^
/usr/lib/python3/dist-packages/requests/sessions.py:486: in prepare_request
    p.prepare(
/usr/lib/python3/dist-packages/requests/models.py:368: in prepare
    self.prepare_url(url, params)
/usr/lib/python3/dist-packages/requests/models.py:439: in prepare_url
    raise MissingSchema(
E   requests.exceptions.MissingSchema: Invalid URL '/api/user/goal?user_id=default': No scheme supplied. Perhaps you meant https:///api/user/goal?user_id=default?
_______ ERROR at setup of TestEnhancedGoalAPI.test_create_goal_marathon ________
backend/tests/test_enhanced_goal.py:22: in cleanup
    requests.delete(f"{BASE_URL}/api/user/goal?user_id=default")
/usr/lib/python3/dist-packages/requests/api.py:157: in delete
    return request("delete", url, **kwargs)
           ^^^^^^^^^^^^^^^^^^^^^^^^^^^^^^^^
/usr/lib/python3/dist-packages/requests/api.py:59: in request
    return session.request(method=method, url=url, **kwargs)
           ^^^^^^^^^^^^^^^^^^^^^^^^^^^^^^^^^^^^^^^^^^^^^^^^^
/usr/lib/python3/dist-packages/requests/sessions.py:575: in request
    prep = self.prepare_request(req)
           ^^^^^^^^^^^^^^^^^^^^^^^^^
/usr/lib/python3/dist-packages/requests/sessions.py:486: in prepare_request
    p.prepare(
/usr/lib/python3/dist-packages/requests/models.py:368: in prepare
    self.prepare_url(url, params)
/usr/lib/python3/dist-packages/requests/models.py:439: in prepare_url
    raise MissingSchema(
E   requests.exceptions.MissingSchema: Invalid URL '/api/user/goal?user_id=default': No scheme supplied. Perhaps you meant https:///api/user/goal?user_id=default?
_________ ERROR at setup of TestEnhancedGoalAPI.test_create_goal_ultra _________
backend/tests/test_enhanced_goal.py:22: in cleanup
    requests.delete(f"{BASE_URL}/api/user/goal?user_id=default")
/usr/lib/python3/dist-packages/requests/api.py:157: in delete
    return request("delete", url, **kwargs)
           ^^^^^^^^^^^^^^^^^^^^^^^^^^^^^^^^
/usr/lib/python3/dist-packages/requests/api.py:59: in request
    return session.request(method=method, url=url, **kwargs)
           ^^^^^^^^^^^^^^^^^^^^^^^^^^^^^^^^^^^^^^^^^^^^^^^^^
/usr/lib/python3/dist-packages/requests/sessions.py:575: in request
    prep = self.prepare_request(req)
           ^^^^^^^^^^^^^^^^^^^^^^^^^
/usr/lib/python3/dist-packages/requests/sessions.py:486: in prepare_request
    p.prepare(
/usr/lib/python3/dist-packages/requests/models.py:368: in prepare
    self.prepare_url(url, params)
/usr/lib/python3/dist-packages/requests/models.py:439: in prepare_url
    raise MissingSchema(
E   requests.exceptions.MissingSchema: Invalid URL '/api/user/goal?user_id=default': No scheme supplied. Perhaps you meant https:///api/user/goal?user_id=default?
_____ ERROR at setup of TestEnhancedGoalAPI.test_goal_without_target_time ______
backend/tests/test_enhanced_goal.py:22: in cleanup
    requests.delete(f"{BASE_URL}/api/user/goal?user_id=default")
/usr/lib/python3/dist-packages/requests/api.py:157: in delete
    return request("delete", url, **kwargs)
           ^^^^^^^^^^^^^^^^^^^^^^^^^^^^^^^^
/usr/lib/python3/dist-packages/requests/api.py:59: in request
    return session.request(method=method, url=url, **kwargs)
           ^^^^^^^^^^^^^^^^^^^^^^^^^^^^^^^^^^^^^^^^^^^^^^^^^
/usr/lib/python3/dist-packages/requests/sessions.py:575: in request
    prep = self.prepare_request(req)
           ^^^^^^^^^^^^^^^^^^^^^^^^^
/usr/lib/python3/dist-packages/requests/sessions.py:486: in prepare_request
    p.prepare(
/usr/lib/python3/dist-packages/requests/models.py:368: in prepare
    self.prepare_url(url, params)
/usr/lib/python3/dist-packages/requests/models.py:439: in prepare_url
    raise MissingSchema(
E   requests.exceptions.MissingSchema: Invalid URL '/api/user/goal?user_id=default': No scheme supplied. Perhaps you meant https:///api/user/goal?user_id=default?
____ ERROR at setup of TestEnhancedGoalAPI.test_goal_with_zero_target_time _____
backend/tests/test_enhanced_goal.py:22: in cleanup
    requests.delete(f"{BASE_URL}/api/user/goal?user_id=default")
/usr/lib/python3/dist-packages/requests/api.py:157: in delete
    return request("delete", url, **kwargs)
           ^^^^^^^^^^^^^^^^^^^^^^^^^^^^^^^^
/usr/lib/python3/dist-packages/requests/api.py:59: in request
    return session.request(method=method, url=url, **kwargs)
           ^^^^^^^^^^^^^^^^^^^^^^^^^^^^^^^^^^^^^^^^^^^^^^^^^
/usr/lib/python3/dist-packages/requests/sessions.py:575: in request
    prep = self.prepare_request(req)
           ^^^^^^^^^^^^^^^^^^^^^^^^^
/usr/lib/python3/dist-packages/requests/sessions.py:486: in prepare_request
    p.prepare(
/usr/lib/python3/dist-packages/requests/models.py:368: in prepare
    self.prepare_url(url, params)
/usr/lib/python3/dist-packages/requests/models.py:439: in prepare_url
    raise MissingSchema(
E   requests.exceptions.MissingSchema: Invalid URL '/api/user/goal?user_id=default': No scheme supplied. Perhaps you meant https:///api/user/goal?user_id=default?
____ ERROR at setup of TestEnhancedGoalAPI.test_get_goal_returns_all_fields ____
backend/tests/test_enhanced_goal.py:22: in cleanup
    requests.delete(f"{BASE_URL}/api/user/goal?user_id=default")
/usr/lib/python3/dist-packages/requests/api.py:157: in delete
    return request("delete", url, **kwargs)
           ^^^^^^^^^^^^^^^^^^^^^^^^^^^^^^^^
/usr/lib/python3/dist-packages/requests/api.py:59: in request
    return session.request(method=method, url=url, **kwargs)
           ^^^^^^^^^^^^^^^^^^^^^^^^^^^^^^^^^^^^^^^^^^^^^^^^^
/usr/lib/python3/dist-packages/requests/sessions.py:575: in request
    prep = self.prepare_request(req)
           ^^^^^^^^^^^^^^^^^^^^^^^^^
/usr/lib/python3/dist-packages/requests/sessions.py:486: in prepare_request
    p.prepare(
/usr/lib/python3/dist-packages/requests/models.py:368: in prepare
    self.prepare_url(url, params)
/usr/lib/python3/dist-packages/requests/models.py:439: in prepare_url
    raise MissingSchema(
E   requests.exceptions.MissingSchema: Invalid URL '/api/user/goal?user_id=default': No scheme supplied. Perhaps you meant https:///api/user/goal?user_id=default?
____________ ERROR at setup of TestEnhancedGoalAPI.test_delete_goal ____________
backend/tests/test_enhanced_goal.py:22: in cleanup
    requests.delete(f"{BASE_URL}/api/user/goal?user_id=default")
/usr/lib/python3/dist-packages/requests/api.py:157: in delete
    return request("delete", url, **kwargs)
           ^^^^^^^^^^^^^^^^^^^^^^^^^^^^^^^^
/usr/lib/python3/dist-packages/requests/api.py:59: in request
    return session.request(method=method, url=url, **kwargs)
           ^^^^^^^^^^^^^^^^^^^^^^^^^^^^^^^^^^^^^^^^^^^^^^^^^
/usr/lib/python3/dist-packages/requests/sessions.py:575: in request
    prep = self.prepare_request(req)
           ^^^^^^^^^^^^^^^^^^^^^^^^^
/usr/lib/python3/dist-packages/requests/sessions.py:486: in prepare_request
    p.prepare(
/usr/lib/python3/dist-packages/requests/models.py:368: in prepare
    self.prepare_url(url, params)
/usr/lib/python3/dist-packages/requests/models.py:439: in prepare_url
    raise MissingSchema(
E   requests.exceptions.MissingSchema: Invalid URL '/api/user/goal?user_id=default': No scheme supplied. Perhaps you meant https:///api/user/goal?user_id=default?
____ ERROR at setup of TestGoalInDigest.test_digest_includes_goal_with_pace ____
backend/tests/test_enhanced_goal.py:224: in setup_goal
    requests.delete(f"{BASE_URL}/api/user/goal?user_id=default")
/usr/lib/python3/dist-packages/requests/api.py:157: in delete
    return request("delete", url, **kwargs)
           ^^^^^^^^^^^^^^^^^^^^^^^^^^^^^^^^
/usr/lib/python3/dist-packages/requests/api.py:59: in request
    return session.request(method=method, url=url, **kwargs)
           ^^^^^^^^^^^^^^^^^^^^^^^^^^^^^^^^^^^^^^^^^^^^^^^^^
/usr/lib/python3/dist-packages/requests/sessions.py:575: in request
    prep = self.prepare_request(req)
           ^^^^^^^^^^^^^^^^^^^^^^^^^
/usr/lib/python3/dist-packages/requests/sessions.py:486: in prepare_request
    p.prepare(
/usr/lib/python3/dist-packages/requests/models.py:368: in prepare
    self.prepare_url(url, params)
/usr/lib/python3/dist-packages/requests/models.py:439: in prepare_url
    raise MissingSchema(
E   requests.exceptions.MissingSchema: Invalid URL '/api/user/goal?user_id=default': No scheme supplied. Perhaps you meant https:///api/user/goal?user_id=default?
_________ ERROR at setup of TestPaceCalculation.test_pace_5k_in_25min __________
backend/tests/test_enhanced_goal.py:262: in cleanup
    requests.delete(f"{BASE_URL}/api/user/goal?user_id=default")
/usr/lib/python3/dist-packages/requests/api.py:157: in delete
    return request("delete", url, **kwargs)
           ^^^^^^^^^^^^^^^^^^^^^^^^^^^^^^^^
/usr/lib/python3/dist-packages/requests/api.py:59: in request
    return session.request(method=method, url=url, **kwargs)
           ^^^^^^^^^^^^^^^^^^^^^^^^^^^^^^^^^^^^^^^^^^^^^^^^^
/usr/lib/python3/dist-packages/requests/sessions.py:575: in request
    prep = self.prepare_request(req)
           ^^^^^^^^^^^^^^^^^^^^^^^^^
/usr/lib/python3/dist-packages/requests/sessions.py:486: in prepare_request
    p.prepare(
/usr/lib/python3/dist-packages/requests/models.py:368: in prepare
    self.prepare_url(url, params)
/usr/lib/python3/dist-packages/requests/models.py:439: in prepare_url
    raise MissingSchema(
E   requests.exceptions.MissingSchema: Invalid URL '/api/user/goal?user_id=default': No scheme supplied. Perhaps you meant https:///api/user/goal?user_id=default?
_________ ERROR at setup of TestPaceCalculation.test_pace_10k_in_45min _________
backend/tests/test_enhanced_goal.py:262: in cleanup
    requests.delete(f"{BASE_URL}/api/user/goal?user_id=default")
/usr/lib/python3/dist-packages/requests/api.py:157: in delete
    return request("delete", url, **kwargs)
           ^^^^^^^^^^^^^^^^^^^^^^^^^^^^^^^^
/usr/lib/python3/dist-packages/requests/api.py:59: in request
    return session.request(method=method, url=url, **kwargs)
           ^^^^^^^^^^^^^^^^^^^^^^^^^^^^^^^^^^^^^^^^^^^^^^^^^
/usr/lib/python3/dist-packages/requests/sessions.py:575: in request
    prep = self.prepare_request(req)
           ^^^^^^^^^^^^^^^^^^^^^^^^^
/usr/lib/python3/dist-packages/requests/sessions.py:486: in prepare_request
    p.prepare(
/usr/lib/python3/dist-packages/requests/models.py:368: in prepare
    self.prepare_url(url, params)
/usr/lib/python3/dist-packages/requests/models.py:439: in prepare_url
    raise MissingSchema(
E   requests.exceptions.MissingSchema: Invalid URL '/api/user/goal?user_id=default': No scheme supplied. Perhaps you meant https:///api/user/goal?user_id=default?
_______ ERROR at setup of TestPaceCalculation.test_pace_marathon_in_3h45 _______
backend/tests/test_enhanced_goal.py:262: in cleanup
    requests.delete(f"{BASE_URL}/api/user/goal?user_id=default")
/usr/lib/python3/dist-packages/requests/api.py:157: in delete
    return request("delete", url, **kwargs)
           ^^^^^^^^^^^^^^^^^^^^^^^^^^^^^^^^
/usr/lib/python3/dist-packages/requests/api.py:59: in request
    return session.request(method=method, url=url, **kwargs)
           ^^^^^^^^^^^^^^^^^^^^^^^^^^^^^^^^^^^^^^^^^^^^^^^^^
/usr/lib/python3/dist-packages/requests/sessions.py:575: in request
    prep = self.prepare_request(req)
           ^^^^^^^^^^^^^^^^^^^^^^^^^
/usr/lib/python3/dist-packages/requests/sessions.py:486: in prepare_request
    p.prepare(
/usr/lib/python3/dist-packages/requests/models.py:368: in prepare
    self.prepare_url(url, params)
/usr/lib/python3/dist-packages/requests/models.py:439: in prepare_url
    raise MissingSchema(
E   requests.exceptions.MissingSchema: Invalid URL '/api/user/goal?user_id=default': No scheme supplied. Perhaps you meant https:///api/user/goal?user_id=default?
_________ ERROR at setup of TestPaceCalculation.test_pace_semi_in_1h30 _________
backend/tests/test_enhanced_goal.py:262: in cleanup
    requests.delete(f"{BASE_URL}/api/user/goal?user_id=default")
/usr/lib/python3/dist-packages/requests/api.py:157: in delete
    return request("delete", url, **kwargs)
           ^^^^^^^^^^^^^^^^^^^^^^^^^^^^^^^^
/usr/lib/python3/dist-packages/requests/api.py:59: in request
    return session.request(method=method, url=url, **kwargs)
           ^^^^^^^^^^^^^^^^^^^^^^^^^^^^^^^^^^^^^^^^^^^^^^^^^
/usr/lib/python3/dist-packages/requests/sessions.py:575: in request
    prep = self.prepare_request(req)
           ^^^^^^^^^^^^^^^^^^^^^^^^^
/usr/lib/python3/dist-packages/requests/sessions.py:486: in prepare_request
    p.prepare(
/usr/lib/python3/dist-packages/requests/models.py:368: in prepare
    self.prepare_url(url, params)
/usr/lib/python3/dist-packages/requests/models.py:439: in prepare_url
    raise MissingSchema(
E   requests.exceptions.MissingSchema: Invalid URL '/api/user/goal?user_id=default': No scheme supplied. Perhaps you meant https:///api/user/goal?user_id=default?
___________________ ERROR at setup of test_state_change_only ___________________
file /home/runner/work/sauvegarde260629/sauvegarde260629/backend/tests/test_monitor_worker.py, line 46
  async def test_state_change_only(r):
      print("\n[TEST 2] alerts only on state change (no spam)", flush=True)
      await _clear(r)
      rec = _AlertRecorder()
      orig = mw.send_alert
      mw.send_alert = rec
      try:
          # 1st unhealthy: below threshold (2) -> no alert
          assert await mw.process_once(r, {"status": "unhealthy"}) is None
          # 2nd unhealthy: crosses threshold -> critical (emit once)
          lvl = await mw.process_once(r, {"status": "unhealthy", "queue_length": 5000})
          if lvl != "critical": _fail(f"expected critical on 2nd, got {lvl}")
          # 3rd + 4th unhealthy: still critical, but SAME level -> no new alert
          assert await mw.process_once(r, {"status": "unhealthy"}) is None
          assert await mw.process_once(r, {"status": "unhealthy"}) is None
          if len(rec.calls) != 1:
              _fail(f"expected exactly 1 alert across repeated unhealthy, got {len(rec.calls)}")
          _ok("critical emitted once, repeats suppressed")

          # recovery: healthy -> one 'info' recovery alert, then reset
          lvl = await mw.process_once(r, {"status": "healthy"})
          if lvl != "info": _fail(f"expected info recovery, got {lvl}")
          # healthy again -> nothing
          assert await mw.process_once(r, {"status": "healthy"}) is None
          if len(rec.calls) != 2:
              _fail(f"expected 2 total (critical+recovery), got {len(rec.calls)}")
          if await r.get(mw.LAST_LEVEL_KEY) is not None:
              _fail("last_level should be cleared after recovery")
          _ok("recovery emitted once on return to healthy, then silent")
      finally:
          mw.send_alert = orig
          await _clear(r)
E       fixture 'r' not found
>       available fixtures: anyio_backend, anyio_backend_name, anyio_backend_options, api_client, base_url, cache, capfd, capfdbinary, caplog, capsys, capsysbinary, capteesys, doctest_namespace, free_tcp_port, free_tcp_port_factory, free_udp_port, free_udp_port_factory, monkeypatch, pytestconfig, record_property, record_testsuite_property, record_xml_attribute, recwarn, subtests, tmp_path, tmp_path_factory, tmpdir, tmpdir_factory
>       use 'pytest --fixtures [testpath]' for help on them.

/home/runner/work/sauvegarde260629/sauvegarde260629/backend/tests/test_monitor_worker.py:46
________________ ERROR at setup of test_degraded_then_escalate _________________
file /home/runner/work/sauvegarde260629/sauvegarde260629/backend/tests/test_monitor_worker.py, line 80
  async def test_degraded_then_escalate(r):
      print("\n[TEST 3] degraded warning then escalation to critical", flush=True)
      await _clear(r)
      rec = _AlertRecorder()
      orig = mw.send_alert
      mw.send_alert = rec
      try:
          # 5 consecutive degraded -> warning at the 5th
          from monitoring.alerts import DEGRADED_THRESHOLD
          for i in range(1, DEGRADED_THRESHOLD + 1):
              lvl = await mw.process_once(r, {"status": "degraded"})
          if lvl != "warning": _fail(f"expected warning at {DEGRADED_THRESHOLD}, got {lvl}")
          # escalate: 2 consecutive unhealthy -> critical (different level -> emit)
          await mw.process_once(r, {"status": "unhealthy"})
          lvl = await mw.process_once(r, {"status": "unhealthy"})
          if lvl != "critical": _fail(f"expected escalation to critical, got {lvl}")
          levels = [c[0] for c in rec.calls]
          if levels != ["warning", "critical"]:
              _fail(f"expected [warning, critical], got {levels}")
          _ok("warning then critical escalation emitted (2 alerts)")
      finally:
          mw.send_alert = orig
          await _clear(r)
E       fixture 'r' not found
>       available fixtures: anyio_backend, anyio_backend_name, anyio_backend_options, api_client, base_url, cache, capfd, capfdbinary, caplog, capsys, capsysbinary, capteesys, doctest_namespace, free_tcp_port, free_tcp_port_factory, free_udp_port, free_udp_port_factory, monkeypatch, pytestconfig, record_property, record_testsuite_property, record_xml_attribute, recwarn, subtests, tmp_path, tmp_path_factory, tmpdir, tmpdir_factory
>       use 'pytest --fixtures [testpath]' for help on them.

/home/runner/work/sauvegarde260629/sauvegarde260629/backend/tests/test_monitor_worker.py:80
____________________ ERROR at setup of test_leader_election ____________________
file /home/runner/work/sauvegarde260629/sauvegarde260629/backend/tests/test_monitor_worker.py, line 105
  async def test_leader_election(r):
      print("\n[TEST 4] leader election: one leader, standby denied, refresh works", flush=True)
      await _clear(r)
      if not await mw.acquire_or_refresh_leadership(r, "nodeA:1"):
          _fail("first candidate should become leader")
      if await mw.acquire_or_refresh_leadership(r, "nodeB:2"):
          _fail("second candidate should be denied (standby)")
      if not await mw.acquire_or_refresh_leadership(r, "nodeA:1"):
          _fail("existing leader should refresh and keep leadership")
      ttl = await r.ttl(mw.LEADER_KEY)
      if ttl <= 0 or ttl > mw.LEADER_TTL:
          _fail(f"leader TTL not refreshed correctly: {ttl}")
      _ok(f"single leader enforced, TTL refreshed ({ttl}s)")
      await _clear(r)
E       fixture 'r' not found
>       available fixtures: anyio_backend, anyio_backend_name, anyio_backend_options, api_client, base_url, cache, capfd, capfdbinary, caplog, capsys, capsysbinary, capteesys, doctest_namespace, free_tcp_port, free_tcp_port_factory, free_udp_port, free_udp_port_factory, monkeypatch, pytestconfig, record_property, record_testsuite_property, record_xml_attribute, recwarn, subtests, tmp_path, tmp_path_factory, tmpdir, tmpdir_factory
>       use 'pytest --fixtures [testpath]' for help on them.

/home/runner/work/sauvegarde260629/sauvegarde260629/backend/tests/test_monitor_worker.py:105
___________ ERROR at setup of TestUserGoal.test_create_goal_success ____________
backend/tests/test_new_features.py:90: in cleanup
    requests.delete(f"{BASE_URL}/api/user/goal?user_id=test_user")
/usr/lib/python3/dist-packages/requests/api.py:157: in delete
    return request("delete", url, **kwargs)
           ^^^^^^^^^^^^^^^^^^^^^^^^^^^^^^^^
/usr/lib/python3/dist-packages/requests/api.py:59: in request
    return session.request(method=method, url=url, **kwargs)
           ^^^^^^^^^^^^^^^^^^^^^^^^^^^^^^^^^^^^^^^^^^^^^^^^^
/usr/lib/python3/dist-packages/requests/sessions.py:575: in request
    prep = self.prepare_request(req)
           ^^^^^^^^^^^^^^^^^^^^^^^^^
/usr/lib/python3/dist-packages/requests/sessions.py:486: in prepare_request
    p.prepare(
/usr/lib/python3/dist-packages/requests/models.py:368: in prepare
    self.prepare_url(url, params)
/usr/lib/python3/dist-packages/requests/models.py:439: in prepare_url
    raise MissingSchema(
E   requests.exceptions.MissingSchema: Invalid URL '/api/user/goal?user_id=test_user': No scheme supplied. Perhaps you meant https:///api/user/goal?user_id=test_user?
_____ ERROR at setup of TestUserGoal.test_create_goal_returns_correct_data _____
backend/tests/test_new_features.py:90: in cleanup
    requests.delete(f"{BASE_URL}/api/user/goal?user_id=test_user")
/usr/lib/python3/dist-packages/requests/api.py:157: in delete
    return request("delete", url, **kwargs)
           ^^^^^^^^^^^^^^^^^^^^^^^^^^^^^^^^
/usr/lib/python3/dist-packages/requests/api.py:59: in request
    return session.request(method=method, url=url, **kwargs)
           ^^^^^^^^^^^^^^^^^^^^^^^^^^^^^^^^^^^^^^^^^^^^^^^^^
/usr/lib/python3/dist-packages/requests/sessions.py:575: in request
    prep = self.prepare_request(req)
           ^^^^^^^^^^^^^^^^^^^^^^^^^
/usr/lib/python3/dist-packages/requests/sessions.py:486: in prepare_request
    p.prepare(
/usr/lib/python3/dist-packages/requests/models.py:368: in prepare
    self.prepare_url(url, params)
/usr/lib/python3/dist-packages/requests/models.py:439: in prepare_url
    raise MissingSchema(
E   requests.exceptions.MissingSchema: Invalid URL '/api/user/goal?user_id=test_user': No scheme supplied. Perhaps you meant https:///api/user/goal?user_id=test_user?
______ ERROR at setup of TestUserGoal.test_get_goal_returns_created_goal _______
backend/tests/test_new_features.py:90: in cleanup
    requests.delete(f"{BASE_URL}/api/user/goal?user_id=test_user")
/usr/lib/python3/dist-packages/requests/api.py:157: in delete
    return request("delete", url, **kwargs)
           ^^^^^^^^^^^^^^^^^^^^^^^^^^^^^^^^
/usr/lib/python3/dist-packages/requests/api.py:59: in request
    return session.request(method=method, url=url, **kwargs)
           ^^^^^^^^^^^^^^^^^^^^^^^^^^^^^^^^^^^^^^^^^^^^^^^^^
/usr/lib/python3/dist-packages/requests/sessions.py:575: in request
    prep = self.prepare_request(req)
           ^^^^^^^^^^^^^^^^^^^^^^^^^
/usr/lib/python3/dist-packages/requests/sessions.py:486: in prepare_request
    p.prepare(
/usr/lib/python3/dist-packages/requests/models.py:368: in prepare
    self.prepare_url(url, params)
/usr/lib/python3/dist-packages/requests/models.py:439: in prepare_url
    raise MissingSchema(
E   requests.exceptions.MissingSchema: Invalid URL '/api/user/goal?user_id=test_user': No scheme supplied. Perhaps you meant https:///api/user/goal?user_id=test_user?
____ ERROR at setup of TestUserGoal.test_get_goal_returns_null_when_no_goal ____
backend/tests/test_new_features.py:90: in cleanup
    requests.delete(f"{BASE_URL}/api/user/goal?user_id=test_user")
/usr/lib/python3/dist-packages/requests/api.py:157: in delete
    return request("delete", url, **kwargs)
           ^^^^^^^^^^^^^^^^^^^^^^^^^^^^^^^^
/usr/lib/python3/dist-packages/requests/api.py:59: in request
    return session.request(method=method, url=url, **kwargs)
           ^^^^^^^^^^^^^^^^^^^^^^^^^^^^^^^^^^^^^^^^^^^^^^^^^
/usr/lib/python3/dist-packages/requests/sessions.py:575: in request
    prep = self.prepare_request(req)
           ^^^^^^^^^^^^^^^^^^^^^^^^^
/usr/lib/python3/dist-packages/requests/sessions.py:486: in prepare_request
    p.prepare(
/usr/lib/python3/dist-packages/requests/models.py:368: in prepare
    self.prepare_url(url, params)
/usr/lib/python3/dist-packages/requests/models.py:439: in prepare_url
    raise MissingSchema(
E   requests.exceptions.MissingSchema: Invalid URL '/api/user/goal?user_id=test_user': No scheme supplied. Perhaps you meant https:///api/user/goal?user_id=test_user?
___________ ERROR at setup of TestUserGoal.test_delete_goal_success ____________
backend/tests/test_new_features.py:90: in cleanup
    requests.delete(f"{BASE_URL}/api/user/goal?user_id=test_user")
/usr/lib/python3/dist-packages/requests/api.py:157: in delete
    return request("delete", url, **kwargs)
           ^^^^^^^^^^^^^^^^^^^^^^^^^^^^^^^^
/usr/lib/python3/dist-packages/requests/api.py:59: in request
    return session.request(method=method, url=url, **kwargs)
           ^^^^^^^^^^^^^^^^^^^^^^^^^^^^^^^^^^^^^^^^^^^^^^^^^
/usr/lib/python3/dist-packages/requests/sessions.py:575: in request
    prep = self.prepare_request(req)
           ^^^^^^^^^^^^^^^^^^^^^^^^^
/usr/lib/python3/dist-packages/requests/sessions.py:486: in prepare_request
    p.prepare(
/usr/lib/python3/dist-packages/requests/models.py:368: in prepare
    self.prepare_url(url, params)
/usr/lib/python3/dist-packages/requests/models.py:439: in prepare_url
    raise MissingSchema(
E   requests.exceptions.MissingSchema: Invalid URL '/api/user/goal?user_id=test_user': No scheme supplied. Perhaps you meant https:///api/user/goal?user_id=test_user?
________ ERROR at setup of TestUserGoal.test_delete_goal_verify_removed ________
backend/tests/test_new_features.py:90: in cleanup
    requests.delete(f"{BASE_URL}/api/user/goal?user_id=test_user")
/usr/lib/python3/dist-packages/requests/api.py:157: in delete
    return request("delete", url, **kwargs)
           ^^^^^^^^^^^^^^^^^^^^^^^^^^^^^^^^
/usr/lib/python3/dist-packages/requests/api.py:59: in request
    return session.request(method=method, url=url, **kwargs)
           ^^^^^^^^^^^^^^^^^^^^^^^^^^^^^^^^^^^^^^^^^^^^^^^^^
/usr/lib/python3/dist-packages/requests/sessions.py:575: in request
    prep = self.prepare_request(req)
           ^^^^^^^^^^^^^^^^^^^^^^^^^
/usr/lib/python3/dist-packages/requests/sessions.py:486: in prepare_request
    p.prepare(
/usr/lib/python3/dist-packages/requests/models.py:368: in prepare
    self.prepare_url(url, params)
/usr/lib/python3/dist-packages/requests/models.py:439: in prepare_url
    raise MissingSchema(
E   requests.exceptions.MissingSchema: Invalid URL '/api/user/goal?user_id=test_user': No scheme supplied. Perhaps you meant https:///api/user/goal?user_id=test_user?
______ ERROR at setup of TestUserGoal.test_update_goal_replaces_existing _______
backend/tests/test_new_features.py:90: in cleanup
    requests.delete(f"{BASE_URL}/api/user/goal?user_id=test_user")
/usr/lib/python3/dist-packages/requests/api.py:157: in delete
    return request("delete", url, **kwargs)
           ^^^^^^^^^^^^^^^^^^^^^^^^^^^^^^^^
/usr/lib/python3/dist-packages/requests/api.py:59: in request
    return session.request(method=method, url=url, **kwargs)
           ^^^^^^^^^^^^^^^^^^^^^^^^^^^^^^^^^^^^^^^^^^^^^^^^^
/usr/lib/python3/dist-packages/requests/sessions.py:575: in request
    prep = self.prepare_request(req)
           ^^^^^^^^^^^^^^^^^^^^^^^^^
/usr/lib/python3/dist-packages/requests/sessions.py:486: in prepare_request
    p.prepare(
/usr/lib/python3/dist-packages/requests/models.py:368: in prepare
    self.prepare_url(url, params)
/usr/lib/python3/dist-packages/requests/models.py:439: in prepare_url
    raise MissingSchema(
E   requests.exceptions.MissingSchema: Invalid URL '/api/user/goal?user_id=test_user': No scheme supplied. Perhaps you meant https:///api/user/goal?user_id=test_user?
____________________ ERROR at setup of test_redis_ok_empty _____________________
file /home/runner/work/sauvegarde260629/sauvegarde260629/backend/tests/test_queue_health.py, line 57
  async def test_redis_ok_empty(r):
      print("\n[TEST 1] Redis OK + empty queue + worker present -> healthy", flush=True)
      await _reset(r)
      await _add_worker(r)
      h = await queue_health()
      if not h["redis_connected"]:
          _fail("redis_connected should be True")
      if h["status"] != "healthy":
          _fail(f"expected healthy, got {h['status']}")
      if h["queue_length"] != 0 or h["processing_length"] != 0:
          _fail(f"expected empty lengths, got {h}")
      if h["active_workers"] != 1:
          _fail(f"expected 1 worker, got {h['active_workers']}")
      _ok(f"healthy, workers=1, queue=0 (timestamp {h['timestamp']})")
E       fixture 'r' not found
>       available fixtures: anyio_backend, anyio_backend_name, anyio_backend_options, api_client, base_url, cache, capfd, capfdbinary, caplog, capsys, capsysbinary, capteesys, doctest_namespace, free_tcp_port, free_tcp_port_factory, free_udp_port, free_udp_port_factory, monkeypatch, pytestconfig, record_property, record_testsuite_property, record_xml_attribute, recwarn, subtests, tmp_path, tmp_path_factory, tmpdir, tmpdir_factory
>       use 'pytest --fixtures [testpath]' for help on them.

/home/runner/work/sauvegarde260629/sauvegarde260629/backend/tests/test_queue_health.py:57
_____________________ ERROR at setup of test_queue_loaded ______________________
file /home/runner/work/sauvegarde260629/sauvegarde260629/backend/tests/test_queue_health.py, line 95
  async def test_queue_loaded(r):
      print("\n[TEST 3] loaded queue -> degraded then unhealthy", flush=True)
      await _reset(r)
      await _add_worker(r)

      await r.rpush(QUEUE_KEY, *[str(i) for i in range(600)])
      h = await queue_health()
      if h["status"] != "degraded" or h["queue_length"] != 600:
          _fail(f"expected degraded @600, got status={h['status']} len={h['queue_length']}")
      _ok("queue=600 -> degraded")

      await r.rpush(QUEUE_KEY, *[str(i) for i in range(1500)])  # total 2100
      h = await queue_health()
      if h["status"] != "unhealthy" or h["queue_length"] != 2100:
          _fail(f"expected unhealthy @2100, got status={h['status']} len={h['queue_length']}")
      _ok("queue=2100 -> unhealthy")
      await _reset(r)
E       fixture 'r' not found
>       available fixtures: anyio_backend, anyio_backend_name, anyio_backend_options, api_client, base_url, cache, capfd, capfdbinary, caplog, capsys, capsysbinary, capteesys, doctest_namespace, free_tcp_port, free_tcp_port_factory, free_udp_port, free_udp_port_factory, monkeypatch, pytestconfig, record_property, record_testsuite_property, record_xml_attribute, recwarn, subtests, tmp_path, tmp_path_factory, tmpdir, tmpdir_factory
>       use 'pytest --fixtures [testpath]' for help on them.

/home/runner/work/sauvegarde260629/sauvegarde260629/backend/tests/test_queue_health.py:95
_____________________ ERROR at setup of test_worker_absent _____________________
file /home/runner/work/sauvegarde260629/sauvegarde260629/backend/tests/test_queue_health.py, line 114
  async def test_worker_absent(r):
      print("\n[TEST 4] no worker heartbeat -> unhealthy", flush=True)
      await _reset(r)  # removes all heartbeats
      h = await queue_health()
      if h["active_workers"] != 0:
          _fail(f"expected 0 workers, got {h['active_workers']}")
      if h["status"] != "unhealthy":
          _fail(f"expected unhealthy with no worker, got {h['status']}")
      _ok("active_workers=0 -> unhealthy")
E       fixture 'r' not found
>       available fixtures: anyio_backend, anyio_backend_name, anyio_backend_options, api_client, base_url, cache, capfd, capfdbinary, caplog, capsys, capsysbinary, capteesys, doctest_namespace, free_tcp_port, free_tcp_port_factory, free_udp_port, free_udp_port_factory, monkeypatch, pytestconfig, record_property, record_testsuite_property, record_xml_attribute, recwarn, subtests, tmp_path, tmp_path_factory, tmpdir, tmpdir_factory
>       use 'pytest --fixtures [testpath]' for help on them.

/home/runner/work/sauvegarde260629/sauvegarde260629/backend/tests/test_queue_health.py:114
____________________ ERROR at setup of test_orphan_counter _____________________
file /home/runner/work/sauvegarde260629/sauvegarde260629/backend/tests/test_queue_health.py, line 125
  async def test_orphan_counter(r):
      print("\n[TEST 5] orphan recovery increments orphans_recovered_total", flush=True)
      await _reset(r)
      await _add_worker(r)

      job = {"id": uuid.uuid4().hex, "type": "SYNC_USER", "user_id": "hc", "attempts": 0}
      raw = json.dumps(job)
      await r.rpush(PROCESSING_KEY, raw)
      await r.hset(CLAIMS_KEY, job["id"], time.time() - 9999)  # very old -> orphan

      before = await queue_health()
      n = await recover_orphans()
      if n != 1:
          _fail(f"recover_orphans returned {n}, expected 1")
      after = await queue_health()
      if after["orphans_recovered_total"] != before["orphans_recovered_total"] + 1:
          _fail(f"counter not incremented: {before['orphans_recovered_total']} -> {after['orphans_recovered_total']}")
      _ok(f"orphans_recovered_total {before['orphans_recovered_total']} -> {after['orphans_recovered_total']}")
      await _reset(r)
E       fixture 'r' not found
>       available fixtures: anyio_backend, anyio_backend_name, anyio_backend_options, api_client, base_url, cache, capfd, capfdbinary, caplog, capsys, capsysbinary, capteesys, doctest_namespace, free_tcp_port, free_tcp_port_factory, free_udp_port, free_udp_port_factory, monkeypatch, pytestconfig, record_property, record_testsuite_property, record_xml_attribute, recwarn, subtests, tmp_path, tmp_path_factory, tmpdir, tmpdir_factory
>       use 'pytest --fixtures [testpath]' for help on them.

/home/runner/work/sauvegarde260629/sauvegarde260629/backend/tests/test_queue_health.py:125
________________________ ERROR at setup of test_latency ________________________
file /home/runner/work/sauvegarde260629/sauvegarde260629/backend/tests/test_queue_health.py, line 146
  async def test_latency(r):
      print("\n[TEST 6] endpoint latency < 10ms (server-side)", flush=True)
      await _reset(r)
      await _add_worker(r)
      await queue_health()  # warm
      times = []
      for _ in range(20):
          t = time.perf_counter()
          await queue_health()
          times.append((time.perf_counter() - t) * 1000)
      avg, mx = sum(times) / len(times), max(times)
      if mx >= 10:
          _fail(f"max latency {mx:.2f}ms >= 10ms")
      _ok(f"avg={avg:.2f}ms max={mx:.2f}ms (<10ms)")
      await _reset(r)
E       fixture 'r' not found
>       available fixtures: anyio_backend, anyio_backend_name, anyio_backend_options, api_client, base_url, cache, capfd, capfdbinary, caplog, capsys, capsysbinary, capteesys, doctest_namespace, free_tcp_port, free_tcp_port_factory, free_udp_port, free_udp_port_factory, monkeypatch, pytestconfig, record_property, record_testsuite_property, record_xml_attribute, recwarn, subtests, tmp_path, tmp_path_factory, tmpdir, tmpdir_factory
>       use 'pytest --fixtures [testpath]' for help on them.

/home/runner/work/sauvegarde260629/sauvegarde260629/backend/tests/test_queue_health.py:146
_________________ ERROR at setup of test_worker_kill9_recovery _________________
file /home/runner/work/sauvegarde260629/sauvegarde260629/backend/tests/test_reliable_queue.py, line 75
  async def test_worker_kill9_recovery(r):
      print("\n[TEST 1] worker kill -9 mid-job -> watchdog recovery", flush=True)
      await _flush(r)

      job = _make_job()
      await r.lpush(QUEUE_KEY, json.dumps(job))

      # Spawn a mock worker that claims the job and hangs.
      proc = subprocess.Popen(
          [sys.executable, "-m", "tests._mock_worker"],
          cwd=BACKEND_DIR,
          stdout=subprocess.PIPE,
          stderr=subprocess.STDOUT,
          text=True,
      )
      # Wait until the job is in the processing list (claimed).
      for _ in range(100):
          q, p, c = await _counts(r)
          if p == 1:
              break
          await asyncio.sleep(0.1)
      else:
          proc.kill()
          _fail("mock worker never claimed the job")

      q, p, c = await _counts(r)
      if not (q == 0 and p == 1 and c == 1):
          proc.kill()
          _fail(f"unexpected state after claim: queue={q} processing={p} claims={c}")
      _ok("job claimed: queue=0 processing=1 claims=1")

      # Hard-kill the worker while it holds the job (simulates crash).
      proc.kill()
      proc.wait(timeout=5)
      _ok("worker killed with SIGKILL while holding the job")

      # Job must still be safe in the processing list (NOT lost).
      q, p, c = await _counts(r)
      if p != 1:
          _fail(f"job lost after crash! processing={p}")
      _ok("job survived the crash (still in processing list)")

      # Wait past the orphan timeout, then run the watchdog.
      await asyncio.sleep(ORPHAN_TIMEOUT + 1)
      recovered = await recover_orphans()
      if recovered != 1:
          _fail(f"watchdog recovered {recovered} jobs, expected 1")

      q, p, c = await _counts(r)
      if not (q == 1 and p == 0 and c == 0):
          _fail(f"post-recovery state wrong: queue={q} processing={p} claims={c}")

      # Same job id back in the queue -> no loss, no duplicate.
      raw = await r.lindex(QUEUE_KEY, 0)
      recovered_id = json.loads(raw)["id"]
      if recovered_id != job["id"]:
          _fail(f"recovered a different job id={recovered_id}")
      _ok(f"exactly-one recovered id={recovered_id} (no loss, no duplicate)")
E       fixture 'r' not found
>       available fixtures: anyio_backend, anyio_backend_name, anyio_backend_options, api_client, base_url, cache, capfd, capfdbinary, caplog, capsys, capsysbinary, capteesys, doctest_namespace, free_tcp_port, free_tcp_port_factory, free_udp_port, free_udp_port_factory, monkeypatch, pytestconfig, record_property, record_testsuite_property, record_xml_attribute, recwarn, subtests, tmp_path, tmp_path_factory, tmpdir, tmpdir_factory
>       use 'pytest --fixtures [testpath]' for help on them.

/home/runner/work/sauvegarde260629/sauvegarde260629/backend/tests/test_reliable_queue.py:75
___________________ ERROR at setup of test_ack_removes_once ____________________
file /home/runner/work/sauvegarde260629/sauvegarde260629/backend/tests/test_reliable_queue.py, line 135
  async def test_ack_removes_once(r):
      print("\n[TEST 2] normal success -> ACK removes the job exactly once", flush=True)
      await _flush(r)

      job = _make_job()
      await r.lpush(QUEUE_KEY, json.dumps(job))

      claimed = await claim_job(timeout=5)
      if not claimed:
          _fail("claim_job returned nothing")
      raw, claimed_job = claimed
      q, p, c = await _counts(r)
      if not (q == 0 and p == 1 and c == 1):
          _fail(f"state after claim wrong: queue={q} processing={p} claims={c}")
      _ok("claimed into processing")

      await ack_job(raw, claimed_job["id"])
      q, p, c = await _counts(r)
      if not (q == 0 and p == 0 and c == 0):
          _fail(f"state after ack wrong: queue={q} processing={p} claims={c}")
      _ok("ACK cleared processing + claims; watchdog leaves nothing behind")

      if await recover_orphans() != 0:
          _fail("watchdog wrongly recovered an already-acked job")
      _ok("no phantom recovery after ACK")
E       fixture 'r' not found
>       available fixtures: anyio_backend, anyio_backend_name, anyio_backend_options, api_client, base_url, cache, capfd, capfdbinary, caplog, capsys, capsysbinary, capteesys, doctest_namespace, free_tcp_port, free_tcp_port_factory, free_udp_port, free_udp_port_factory, monkeypatch, pytestconfig, record_property, record_testsuite_property, record_xml_attribute, recwarn, subtests, tmp_path, tmp_path_factory, tmpdir, tmpdir_factory
>       use 'pytest --fixtures [testpath]' for help on them.

/home/runner/work/sauvegarde260629/sauvegarde260629/backend/tests/test_reliable_queue.py:135
_______________ ERROR at setup of test_redis_restart_durability ________________
file /home/runner/work/sauvegarde260629/sauvegarde260629/backend/tests/test_reliable_queue.py, line 162
  async def test_redis_restart_durability(r):
      print("\n[TEST 3] Redis restart -> in-flight job survives (AOF)", flush=True)
      await _flush(r)

      job = _make_job()
      await r.lpush(QUEUE_KEY, json.dumps(job))
      claimed = await claim_job(timeout=5)
      if not claimed:
          _fail("claim_job returned nothing")
      _ok("job claimed and in-flight before restart")

      # Force an AOF rewrite so the current state is on disk, then restart Redis.
      try:
          await r.bgrewriteaof()
      except Exception:
          pass
      await asyncio.sleep(1)

      subprocess.run(["sudo", "supervisorctl", "restart", "redis"], check=True,
                     capture_output=True, text=True)
      await asyncio.sleep(3)

      # Fresh connection to the restarted server.
      from jobs import redis_client
      redis_client._redis = None
      r2 = get_redis()
      for _ in range(30):
          try:
              await r2.ping()
              break
          except Exception:
              await asyncio.sleep(0.5)

      p = await r2.llen(PROCESSING_KEY)
      if p != 1:
          _fail(f"in-flight job did NOT survive redis restart (processing={p}). "
                f"Check AOF persistence in the redis supervisor config.")
      _ok("in-flight job survived redis restart")

      await asyncio.sleep(ORPHAN_TIMEOUT + 1)
      if await recover_orphans() != 1:
          _fail("watchdog failed to recover the job after restart")
      q = await r2.llen(QUEUE_KEY)
      if q != 1:
          _fail(f"job not requeued after restart recovery: queue={q}")
      _ok("job recovered and requeued after restart (no loss)")
      await _flush(r2)
E       fixture 'r' not found
>       available fixtures: anyio_backend, anyio_backend_name, anyio_backend_options, api_client, base_url, cache, capfd, capfdbinary, caplog, capsys, capsysbinary, capteesys, doctest_namespace, free_tcp_port, free_tcp_port_factory, free_udp_port, free_udp_port_factory, monkeypatch, pytestconfig, record_property, record_testsuite_property, record_xml_attribute, recwarn, subtests, tmp_path, tmp_path_factory, tmpdir, tmpdir_factory
>       use 'pytest --fixtures [testpath]' for help on them.

/home/runner/work/sauvegarde260629/sauvegarde260629/backend/tests/test_reliable_queue.py:162
_______________________ ERROR at setup of test_cooldown ________________________
file /home/runner/work/sauvegarde260629/sauvegarde260629/backend/tests/test_sync_scheduler.py, line 56
  async def test_cooldown(r):
      print("\n[TEST 3] per-user cooldown", flush=True)
      uid = "cooldown-test-user"
      await r.delete(f"{rl.COOLDOWN_PREFIX}{uid}")
      if not await rl.cooldown_ok(uid):
          _fail("fresh user should be outside cooldown")
      await rl.set_cooldown(uid, seconds=30)
      if await rl.cooldown_ok(uid):
          _fail("user in cooldown should be blocked")
      ttl = await r.ttl(f"{rl.COOLDOWN_PREFIX}{uid}")
      if not (0 < ttl <= 30):
          _fail(f"cooldown TTL wrong: {ttl}")
      await r.delete(f"{rl.COOLDOWN_PREFIX}{uid}")
      _ok("cooldown blocks then expires")
E       fixture 'r' not found
>       available fixtures: anyio_backend, anyio_backend_name, anyio_backend_options, api_client, base_url, cache, capfd, capfdbinary, caplog, capsys, capsysbinary, capteesys, doctest_namespace, free_tcp_port, free_tcp_port_factory, free_udp_port, free_udp_port_factory, monkeypatch, pytestconfig, record_property, record_testsuite_property, record_xml_attribute, recwarn, subtests, tmp_path, tmp_path_factory, tmpdir, tmpdir_factory
>       use 'pytest --fixtures [testpath]' for help on them.

/home/runner/work/sauvegarde260629/sauvegarde260629/backend/tests/test_sync_scheduler.py:56
[...]
FAILED backend/tests/test_training_plan_vma.py::TestTrainingPlanVMA::test_training_plan_returns_200 - requests.exceptions.MissingSchema: Invalid URL '/api/training/plan': No scheme supplied. Perhaps you meant https:///api/training/plan?
FAILED backend/tests/test_training_plan_vma.py::TestTrainingPlanVMA::test_plan_contains_vma_field - requests.exceptions.MissingSchema: Invalid URL '/api/training/plan': No scheme supplied. Perhaps you meant https:///api/training/plan?
FAILED backend/tests/test_training_plan_vma.py::TestTrainingPlanVMA::test_plan_contains_vo2max_field - requests.exceptions.MissingSchema: Invalid URL '/api/training/plan': No scheme supplied. Perhaps you meant https:///api/training/plan?
FAILED backend/tests/test_training_plan_vma.py::TestTrainingPlanVMA::test_plan_contains_readiness_score - requests.exceptions.MissingSchema: Invalid URL '/api/training/plan': No scheme supplied. Perhaps you meant https:///api/training/plan?
FAILED backend/tests/test_training_plan_vma.py::TestTrainingPlanVMA::test_plan_contains_prep_status - requests.exceptions.MissingSchema: Invalid URL '/api/training/plan': No scheme supplied. Perhaps you meant https:///api/training/plan?
FAILED backend/tests/test_training_plan_vma.py::TestTrainingPlanVMA::test_plan_contains_adjusted_weeks - requests.exceptions.MissingSchema: Invalid URL '/api/training/plan': No scheme supplied. Perhaps you meant https:///api/training/plan?
FAILED backend/tests/test_training_plan_vma.py::TestTrainingPlanVMA::test_plan_contains_personalized_paces - requests.exceptions.MissingSchema: Invalid URL '/api/training/plan': No scheme supplied. Perhaps you meant https:///api/training/plan?
FAILED backend/tests/test_training_plan_vma.py::TestSessionsWithPersonalizedPaces::test_sessions_exist_in_plan - requests.exceptions.MissingSchema: Invalid URL '/api/training/plan': No scheme supplied. Perhaps you meant https:///api/training/plan?
FAILED backend/tests/test_training_plan_vma.py::TestSessionsWithPersonalizedPaces::test_sessions_have_required_fields - requests.exceptions.MissingSchema: Invalid URL '/api/training/plan': No scheme supplied. Perhaps you meant https:///api/training/plan?
FAILED backend/tests/test_training_plan_vma.py::TestSessionsWithPersonalizedPaces::test_non_rest_sessions_contain_pace_in_details - requests.exceptions.MissingSchema: Invalid URL '/api/training/plan': No scheme supplied. Perhaps you meant https:///api/training/plan?
FAILED backend/tests/test_training_plan_vma.py::TestSessionsWithPersonalizedPaces::test_session_paces_match_vma_derived_paces - requests.exceptions.MissingSchema: Invalid URL '/api/training/plan': No scheme supplied. Perhaps you meant https:///api/training/plan?
FAILED backend/tests/test_training_plan_vma.py::TestPlanAdaptation::test_context_contains_fitness_metrics - requests.exceptions.MissingSchema: Invalid URL '/api/training/plan': No scheme supplied. Perhaps you meant https:///api/training/plan?
FAILED backend/tests/test_training_plan_vma.py::TestPlanAdaptation::test_adjusted_weeks_varies_with_prep_status - requests.exceptions.MissingSchema: Invalid URL '/api/training/plan': No scheme supplied. Perhaps you meant https:///api/training/plan?
FAILED backend/tests/test_training_plan_vma.py::TestTrainingPlanRefresh::test_refresh_plan_returns_200 - requests.exceptions.MissingSchema: Invalid URL '/api/training/refresh': No scheme supplied. Perhaps you meant https:///api/training/refresh?
FAILED backend/tests/test_training_plan_vma.py::TestTrainingPlanRefresh::test_refresh_with_sessions_parameter - requests.exceptions.MissingSchema: Invalid URL '/api/training/refresh?sessions=4': No scheme supplied. Perhaps you meant https:///api/training/refresh?sessions=4?
FAILED backend/tests/test_training_plan_vma.py::TestFullCycleWithVMA::test_full_cycle_returns_200 - requests.exceptions.MissingSchema: Invalid URL '/api/training/full-cycle': No scheme supplied. Perhaps you meant https:///api/training/full-cycle?
FAILED backend/tests/test_training_plan_vma.py::TestFullCycleWithVMA::test_full_cycle_weeks_have_required_fields - requests.exceptions.MissingSchema: Invalid URL '/api/training/full-cycle': No scheme supplied. Perhaps you meant https:///api/training/full-cycle?
FAILED backend/tests/test_training_plan_vma.py::TestPacesCalculation::test_z1_pace_slower_than_z5 - requests.exceptions.MissingSchema: Invalid URL '/api/training/plan': No scheme supplied. Perhaps you meant https:///api/training/plan?
FAILED backend/tests/test_training_plan_vma.py::TestPacesCalculation::test_marathon_pace_slower_than_semi_pace - requests.exceptions.MissingSchema: Invalid URL '/api/training/plan': No scheme supplied. Perhaps you meant https:///api/training/plan?
FAILED backend/tests/test_training_plan_vma.py::TestPacesCalculation::test_paces_are_realistic_for_vma - requests.exceptions.MissingSchema: Invalid URL '/api/training/plan': No scheme supplied. Perhaps you meant https:///api/training/plan?
FAILED backend/tests/test_weekly_digest.py::TestWeeklyDigestAPI::test_digest_endpoint_returns_200 - requests.exceptions.MissingSchema: Invalid URL '/api/coach/digest?user_id=default&language=en': No scheme supplied. Perhaps you meant https:///api/coach/digest?user_id=default&language=en?
FAILED backend/tests/test_weekly_digest.py::TestWeeklyDigestAPI::test_digest_response_structure - requests.exceptions.MissingSchema: Invalid URL '/api/coach/digest?user_id=default&language=en': No scheme supplied. Perhaps you meant https:///api/coach/digest?user_id=default&language=en?
FAILED backend/tests/test_weekly_digest.py::TestWeeklyDigestAPI::test_digest_executive_summary_is_short - requests.exceptions.MissingSchema: Invalid URL '/api/coach/digest?user_id=default&language=en': No scheme supplied. Perhaps you meant https:///api/coach/digest?user_id=default&language=en?
FAILED backend/tests/test_weekly_digest.py::TestWeeklyDigestAPI::test_digest_metrics_structure - requests.exceptions.MissingSchema: Invalid URL '/api/coach/digest?user_id=default&language=en': No scheme supplied. Perhaps you meant https:///api/coach/digest?user_id=default&language=en?
FAILED backend/tests/test_weekly_digest.py::TestWeeklyDigestAPI::test_digest_signals_structure - requests.exceptions.MissingSchema: Invalid URL '/api/coach/digest?user_id=default&language=en': No scheme supplied. Perhaps you meant https:///api/coach/digest?user_id=default&language=en?
FAILED backend/tests/test_weekly_digest.py::TestWeeklyDigestAPI::test_digest_insights_max_three - requests.exceptions.MissingSchema: Invalid URL '/api/coach/digest?user_id=default&language=en': No scheme supplied. Perhaps you meant https:///api/coach/digest?user_id=default&language=en?
FAILED backend/tests/test_weekly_digest.py::TestWeeklyDigestAPI::test_digest_zone_distribution - requests.exceptions.MissingSchema: Invalid URL '/api/coach/digest?user_id=default&language=en': No scheme supplied. Perhaps you meant https:///api/coach/digest?user_id=default&language=en?
FAILED backend/tests/test_weekly_digest.py::TestWeeklyDigestAPI::test_digest_french_language - requests.exceptions.MissingSchema: Invalid URL '/api/coach/digest?user_id=default&language=fr': No scheme supplied. Perhaps you meant https:///api/coach/digest?user_id=default&language=fr?
FAILED backend/tests/test_weekly_digest.py::TestWeeklyDigestAPI::test_digest_no_strava_garmin_references - requests.exceptions.MissingSchema: Invalid URL '/api/coach/digest?user_id=default&language=en': No scheme supplied. Perhaps you meant https:///api/coach/digest?user_id=default&language=en?
FAILED backend/tests/test_weekly_digest.py::TestWeeklyDigestAPI::test_digest_period_dates_valid - requests.exceptions.MissingSchema: Invalid URL '/api/coach/digest?user_id=default&language=en': No scheme supplied. Perhaps you meant https:///api/coach/digest?user_id=default&language=en?
FAILED backend/tests/test_weekly_digest.py::TestWeeklyDigestAPI::test_digest_generated_at_timestamp - requests.exceptions.MissingSchema: Invalid URL '/api/coach/digest?user_id=default&language=en': No scheme supplied. Perhaps you meant https:///api/coach/digest?user_id=default&language=en?
FAILED backend/tests/test_weekly_digest.py::TestDigestLatestEndpoint::test_digest_latest_endpoint - requests.exceptions.MissingSchema: Invalid URL '/api/coach/digest/latest?user_id=default': No scheme supplied. Perhaps you meant https:///api/coach/digest/latest?user_id=default?
FAILED backend/tests/test_weekly_review.py::TestWeeklyReviewEndpoint::test_digest_endpoint_returns_200 - requests.exceptions.MissingSchema: Invalid URL '/api/coach/digest?user_id=default&language=en': No scheme supplied. Perhaps you meant https:///api/coach/digest?user_id=default&language=en?
FAILED backend/tests/test_weekly_review.py::TestWeeklyReviewEndpoint::test_response_has_coach_summary - requests.exceptions.MissingSchema: Invalid URL '/api/coach/digest?user_id=default&language=en': No scheme supplied. Perhaps you meant https:///api/coach/digest?user_id=default&language=en?
FAILED backend/tests/test_weekly_review.py::TestWeeklyReviewEndpoint::test_response_has_signals - requests.exceptions.MissingSchema: Invalid URL '/api/coach/digest?user_id=default&language=en': No scheme supplied. Perhaps you meant https:///api/coach/digest?user_id=default&language=en?
FAILED backend/tests/test_weekly_review.py::TestWeeklyReviewEndpoint::test_signals_have_correct_structure - requests.exceptions.MissingSchema: Invalid URL '/api/coach/digest?user_id=default&language=en': No scheme supplied. Perhaps you meant https:///api/coach/digest?user_id=default&language=en?
FAILED backend/tests/test_weekly_review.py::TestWeeklyReviewEndpoint::test_response_has_metrics - requests.exceptions.MissingSchema: Invalid URL '/api/coach/digest?user_id=default&language=en': No scheme supplied. Perhaps you meant https:///api/coach/digest?user_id=default&language=en?
FAILED backend/tests/test_weekly_review.py::TestWeeklyReviewEndpoint::test_response_has_comparison - requests.exceptions.MissingSchema: Invalid URL '/api/coach/digest?user_id=default&language=en': No scheme supplied. Perhaps you meant https:///api/coach/digest?user_id=default&language=en?
FAILED backend/tests/test_weekly_review.py::TestWeeklyReviewEndpoint::test_response_has_coach_reading - requests.exceptions.MissingSchema: Invalid URL '/api/coach/digest?user_id=default&language=en': No scheme supplied. Perhaps you meant https:///api/coach/digest?user_id=default&language=en?
FAILED backend/tests/test_weekly_review.py::TestWeeklyReviewEndpoint::test_response_has_recommendations - requests.exceptions.MissingSchema: Invalid URL '/api/coach/digest?user_id=default&language=en': No scheme supplied. Perhaps you meant https:///api/coach/digest?user_id=default&language=en?
FAILED backend/tests/test_weekly_review.py::TestWeeklyReviewEndpoint::test_response_has_period_dates - requests.exceptions.MissingSchema: Invalid URL '/api/coach/digest?user_id=default&language=en': No scheme supplied. Perhaps you meant https:///api/coach/digest?user_id=default&language=en?
FAILED backend/tests/test_weekly_review.py::TestWeeklyReviewFrench::test_french_digest_returns_200 - requests.exceptions.MissingSchema: Invalid URL '/api/coach/digest?user_id=default&language=fr': No scheme supplied. Perhaps you meant https:///api/coach/digest?user_id=default&language=fr?
FAILED backend/tests/test_weekly_review.py::TestWeeklyReviewFrench::test_french_coach_summary_is_french - requests.exceptions.MissingSchema: Invalid URL '/api/coach/digest?user_id=default&language=fr': No scheme supplied. Perhaps you meant https:///api/coach/digest?user_id=default&language=fr?
FAILED backend/tests/test_weekly_review.py::TestWeeklyReviewFrench::test_french_response_has_same_structure - requests.exceptions.MissingSchema: Invalid URL '/api/coach/digest?user_id=default&language=fr': No scheme supplied. Perhaps you meant https:///api/coach/digest?user_id=default&language=fr?
FAILED backend/tests/test_weekly_review.py::TestWeeklyReviewContentQuality::test_coach_summary_is_one_sentence - requests.exceptions.MissingSchema: Invalid URL '/api/coach/digest?user_id=default&language=en': No scheme supplied. Perhaps you meant https:///api/coach/digest?user_id=default&language=en?
FAILED backend/tests/test_weekly_review.py::TestWeeklyReviewContentQuality::test_coach_reading_is_2_3_sentences - requests.exceptions.MissingSchema: Invalid URL '/api/coach/digest?user_id=default&language=en': No scheme supplied. Perhaps you meant https:///api/coach/digest?user_id=default&language=en?
FAILED backend/tests/test_weekly_review.py::TestWeeklyReviewContentQuality::test_recommendations_are_action_oriented - requests.exceptions.MissingSchema: Invalid URL '/api/coach/digest?user_id=default&language=en': No scheme supplied. Perhaps you meant https:///api/coach/digest?user_id=default&language=en?
FAILED backend/tests/test_weekly_review.py::TestWeeklyReviewContentQuality::test_no_markdown_in_content - requests.exceptions.MissingSchema: Invalid URL '/api/coach/digest?user_id=default&language=en': No scheme supplied. Perhaps you meant https:///api/coach/digest?user_id=default&language=en?
FAILED backend/tests/test_weekly_review.py::TestWeeklyReviewLatestEndpoint::test_latest_digest_returns_200_or_null - requests.exceptions.MissingSchema: Invalid URL '/api/coach/digest/latest?user_id=default': No scheme supplied. Perhaps you meant https:///api/coach/digest/latest?user_id=default?
ERROR backend/tests/test_enhanced_goal.py::TestEnhancedGoalAPI::test_api_health - requests.exceptions.MissingSchema: Invalid URL '/api/user/goal?user_id=default': No scheme supplied. Perhaps you meant https:///api/user/goal?user_id=default?
ERROR backend/tests/test_enhanced_goal.py::TestEnhancedGoalAPI::test_create_goal_5k - requests.exceptions.MissingSchema: Invalid URL '/api/user/goal?user_id=default': No scheme supplied. Perhaps you meant https:///api/user/goal?user_id=default?
ERROR backend/tests/test_enhanced_goal.py::TestEnhancedGoalAPI::test_create_goal_10k - requests.exceptions.MissingSchema: Invalid URL '/api/user/goal?user_id=default': No scheme supplied. Perhaps you meant https:///api/user/goal?user_id=default?
ERROR backend/tests/test_enhanced_goal.py::TestEnhancedGoalAPI::test_create_goal_semi_marathon - requests.exceptions.MissingSchema: Invalid URL '/api/user/goal?user_id=default': No scheme supplied. Perhaps you meant https:///api/user/goal?user_id=default?
ERROR backend/tests/test_enhanced_goal.py::TestEnhancedGoalAPI::test_create_goal_marathon - requests.exceptions.MissingSchema: Invalid URL '/api/user/goal?user_id=default': No scheme supplied. Perhaps you meant https:///api/user/goal?user_id=default?
ERROR backend/tests/test_enhanced_goal.py::TestEnhancedGoalAPI::test_create_goal_ultra - requests.exceptions.MissingSchema: Invalid URL '/api/user/goal?user_id=default': No scheme supplied. Perhaps you meant https:///api/user/goal?user_id=default?
ERROR backend/tests/test_enhanced_goal.py::TestEnhancedGoalAPI::test_goal_without_target_time - requests.exceptions.MissingSchema: Invalid URL '/api/user/goal?user_id=default': No scheme supplied. Perhaps you meant https:///api/user/goal?user_id=default?
ERROR backend/tests/test_enhanced_goal.py::TestEnhancedGoalAPI::test_goal_with_zero_target_time - requests.exceptions.MissingSchema: Invalid URL '/api/user/goal?user_id=default': No scheme supplied. Perhaps you meant https:///api/user/goal?user_id=default?
ERROR backend/tests/test_enhanced_goal.py::TestEnhancedGoalAPI::test_get_goal_returns_all_fields - requests.exceptions.MissingSchema: Invalid URL '/api/user/goal?user_id=default': No scheme supplied. Perhaps you meant https:///api/user/goal?user_id=default?
ERROR backend/tests/test_enhanced_goal.py::TestEnhancedGoalAPI::test_delete_goal - requests.exceptions.MissingSchema: Invalid URL '/api/user/goal?user_id=default': No scheme supplied. Perhaps you meant https:///api/user/goal?user_id=default?
ERROR backend/tests/test_enhanced_goal.py::TestGoalInDigest::test_digest_includes_goal_with_pace - requests.exceptions.MissingSchema: Invalid URL '/api/user/goal?user_id=default': No scheme supplied. Perhaps you meant https:///api/user/goal?user_id=default?
ERROR backend/tests/test_enhanced_goal.py::TestPaceCalculation::test_pace_5k_in_25min - requests.exceptions.MissingSchema: Invalid URL '/api/user/goal?user_id=default': No scheme supplied. Perhaps you meant https:///api/user/goal?user_id=default?
ERROR backend/tests/test_enhanced_goal.py::TestPaceCalculation::test_pace_10k_in_45min - requests.exceptions.MissingSchema: Invalid URL '/api/user/goal?user_id=default': No scheme supplied. Perhaps you meant https:///api/user/goal?user_id=default?
ERROR backend/tests/test_enhanced_goal.py::TestPaceCalculation::test_pace_marathon_in_3h45 - requests.exceptions.MissingSchema: Invalid URL '/api/user/goal?user_id=default': No scheme supplied. Perhaps you meant https:///api/user/goal?user_id=default?
ERROR backend/tests/test_enhanced_goal.py::TestPaceCalculation::test_pace_semi_in_1h30 - requests.exceptions.MissingSchema: Invalid URL '/api/user/goal?user_id=default': No scheme supplied. Perhaps you meant https:///api/user/goal?user_id=default?
ERROR backend/tests/test_monitor_worker.py::test_state_change_only
ERROR backend/tests/test_monitor_worker.py::test_degraded_then_escalate
ERROR backend/tests/test_monitor_worker.py::test_leader_election
ERROR backend/tests/test_new_features.py::TestUserGoal::test_create_goal_success - requests.exceptions.MissingSchema: Invalid URL '/api/user/goal?user_id=test_user': No scheme supplied. Perhaps you meant https:///api/user/goal?user_id=test_user?
ERROR backend/tests/test_new_features.py::TestUserGoal::test_create_goal_returns_correct_data - requests.exceptions.MissingSchema: Invalid URL '/api/user/goal?user_id=test_user': No scheme supplied. Perhaps you meant https:///api/user/goal?user_id=test_user?
ERROR backend/tests/test_new_features.py::TestUserGoal::test_get_goal_returns_created_goal - requests.exceptions.MissingSchema: Invalid URL '/api/user/goal?user_id=test_user': No scheme supplied. Perhaps you meant https:///api/user/goal?user_id=test_user?
ERROR backend/tests/test_new_features.py::TestUserGoal::test_get_goal_returns_null_when_no_goal - requests.exceptions.MissingSchema: Invalid URL '/api/user/goal?user_id=test_user': No scheme supplied. Perhaps you meant https:///api/user/goal?user_id=test_user?
ERROR backend/tests/test_new_features.py::TestUserGoal::test_delete_goal_success - requests.exceptions.MissingSchema: Invalid URL '/api/user/goal?user_id=test_user': No scheme supplied. Perhaps you meant https:///api/user/goal?user_id=test_user?
ERROR backend/tests/test_new_features.py::TestUserGoal::test_delete_goal_verify_removed - requests.exceptions.MissingSchema: Invalid URL '/api/user/goal?user_id=test_user': No scheme supplied. Perhaps you meant https:///api/user/goal?user_id=test_user?
ERROR backend/tests/test_new_features.py::TestUserGoal::test_update_goal_replaces_existing - requests.exceptions.MissingSchema: Invalid URL '/api/user/goal?user_id=test_user': No scheme supplied. Perhaps you meant https:///api/user/goal?user_id=test_user?
ERROR backend/tests/test_queue_health.py::test_redis_ok_empty
ERROR backend/tests/test_queue_health.py::test_queue_loaded
ERROR backend/tests/test_queue_health.py::test_worker_absent
ERROR backend/tests/test_queue_health.py::test_orphan_counter
ERROR backend/tests/test_queue_health.py::test_latency
ERROR backend/tests/test_reliable_queue.py::test_worker_kill9_recovery
ERROR backend/tests/test_reliable_queue.py::test_ack_removes_once
ERROR backend/tests/test_reliable_queue.py::test_redis_restart_durability
ERROR backend/tests/test_sync_scheduler.py::test_cooldown
ERROR backend/tests/test_sync_scheduler.py::test_global_cap
ERROR backend/tests/test_sync_scheduler.py::test_feed_cache
================== 253 failed, 11 passed, 36 errors in 35.78s ==================
