<?xml version="1.0" encoding="utf-8"?><testsuites name="pytest tests"><testsuite name="pytest" errors="0" failures="0" skipped="0" tests="25" time="12.130" timestamp="2026-07-26T19:29:14.357368+00:00" hostname="agent-env-6b21ee07-1e5f-41c7-b8ed-4f63208b7075"><testcase classname="tests.test_subscription_chat.TestSubscriptionTiers" name="test_get_subscription_tiers" time="0.129" /><testcase classname="tests.test_subscription_chat.TestChatCoach" name="test_send_chat_message" time="1.769" /><testcase classname="tests.test_subscription_chat.TestSubscriptionTiers" name="test_free_tier_details" time="1.639" /><testcase classname="tests.test_subscription_chat.TestSubscriptionTiers" name="test_premium_tier_details" time="0.099" /><testcase classname="tests.test_subscription_chat.TestChatCoach" name="test_chat_response_about_fatigue" time="1.514" /><testcase classname="tests.test_subscription_chat.TestSubscriptionTiers" name="test_confort_tier_details" time="1.413" /><testcase classname="tests.test_subscription_chat.TestSubscriptionTiers" name="test_pro_tier_unlimited" time="0.106" /><testcase classname="tests.test_subscription_chat.TestChatCoach" name="test_chat_response_about_cadence" time="1.457" /><testcase classname="tests.test_subscription_trial" name="test_status_default_user_trial" time="1.351" /><testcase classname="tests.test_subscription_trial" name="test_info_default_user_trial" time="0.047" /><testcase classname="tests.test_subscription_chat.TestChatCoach" name="test_chat_response_about_recovery" time="1.361" /><testcase classname="tests.test_subscription_trial" name="test_info_new_user_autocreates_trial" time="0.048" /><testcase classname="tests.test_subscription_trial" name="test_status_new_user_trial" time="1.227" /><testcase classname="tests.test_subscription_trial" name="test_reset_to_trial_default" time="0.218" /><testcase classname="tests.test_subscription_chat.TestChatCoach" name="test_chat_history" time="0.123" /><testcase classname="tests.test_subscription_chat.TestChatCoach" name="test_chat_decrements_messages_remaining" time="2.046" /><testcase classname="tests.test_subscription_chat.TestStripeCheckout" name="test_create_checkout_session_premium" time="0.549" /><testcase classname="tests.test_subscription_chat.TestStripeCheckout" name="test_create_checkout_session_confort" time="1.443" /><testcase classname="tests.test_subscription_chat.TestSubscriptionStatus" name="test_get_subscription_status" time="0.459" /><testcase classname="tests.test_subscription_chat.TestStripeCheckout" name="test_create_checkout_session_pro" time="0.457" /><testcase classname="tests.test_subscription_chat.TestStripeCheckout" name="test_checkout_invalid_tier_rejected" time="0.106" /><testcase classname="tests.test_subscription_chat.TestSubscriptionStatus" name="test_subscription_status_has_correct_fields" time="0.100" /><testcase classname="tests.test_subscription_chat.TestSubscriptionStatus" name="test_subscription_status_for_new_user" time="1.365" /><testcase classname="tests.test_subscription_chat.TestChatEngine" name="test_fallback_response_for_unknown_query" time="1.358" /><testcase classname="tests.test_subscription_chat.TestChatEngine" name="test_chat_response_in_french" time="1.421" /></testsuite></testsuites>