<?xml version="1.0" encoding="utf-8"?><testsuites name="pytest tests"><testsuite name="pytest" errors="0" failures="0" skipped="0" tests="8" time="1.962" timestamp="2026-07-26T17:00:36.989810+00:00" hostname="agent-env-6b21ee07-1e5f-41c7-b8ed-4f63208b7075"><testcase classname="tests.test_middleware_header" name="test_gated_endpoints_with_header" time="0.534" /><testcase classname="tests.test_subscription_trial" name="test_status_default_user_trial" time="0.170" /><testcase classname="tests.test_subscription_trial" name="test_info_default_user_trial" time="0.068" /><testcase classname="tests.test_subscription_trial" name="test_info_new_user_autocreates_trial" time="0.048" /><testcase classname="tests.test_subscription_trial" name="test_status_new_user_trial" time="0.097" /><testcase classname="tests.test_subscription_trial" name="test_reset_to_trial_default" time="0.226" /><testcase classname="tests.test_middleware_header" name="test_gated_endpoints_with_query_param" time="0.431" /><testcase classname="tests.test_middleware_header" name="test_no_id_does_not_crash" time="0.481" /></testsuite></testsuites>