<?xml version="1.0" encoding="utf-8"?><testsuites name="pytest tests"><testsuite name="pytest" errors="0" failures="0" skipped="0" tests="14" time="12.501" timestamp="2026-07-05T20:47:56.245328+00:00" hostname="agent-env-7bcaf82b-9fad-43d5-97fc-2d2d7784bc33"><testcase classname="tests.test_realtime_sync_pipeline.TestHealth" name="test_queue_health" time="0.104" /><testcase classname="tests.test_realtime_sync_pipeline.TestHealth" name="test_garmin_status_connected" time="0.044" /><testcase classname="tests.test_realtime_sync_pipeline.TestSyncAndIngestion" name="test_sync_returns_fast_and_queued" time="0.046" /><testcase classname="tests.test_realtime_sync_pipeline.TestSyncAndIngestion" name="test_sync_worker_processes_and_updates_last_sync" time="4.110" /><testcase classname="tests.test_realtime_sync_pipeline.TestSyncAndIngestion" name="test_activities_populated_and_deduped" time="6.178" /><testcase classname="tests.test_realtime_sync_pipeline.TestEventFanOut" name="test_stream_key_exists" time="0.006" /><testcase classname="tests.test_realtime_sync_pipeline.TestEventFanOut" name="test_feed_cache_warmed" time="1.054" /><testcase classname="tests.test_realtime_sync_pipeline.TestEventFanOut" name="test_activities_source_cache" time="0.044" /><testcase classname="tests.test_realtime_sync_pipeline.TestEventFanOut" name="test_workouts_derived_layer_populated" time="0.090" /><testcase classname="tests.test_realtime_sync_pipeline.TestSinceFilter" name="test_since_filter_returns_only_newer" time="0.161" /><testcase classname="tests.test_realtime_sync_pipeline.TestActivitySignal" name="test_signal_sets_key_and_no_sync" time="0.584" /><testcase classname="tests.test_realtime_sync_pipeline.TestRateLimiter" name="test_cooldown_key_set_after_sync" time="0.006" /><testcase classname="tests.test_realtime_sync_pipeline.TestRateLimiter" name="test_global_active_counter_exists_and_bounded" time="0.006" /><testcase classname="tests.test_realtime_sync_pipeline.TestBackwardCompat" name="test_activities_response_shape" time="0.043" /></testsuite></testsuites>