<?xml version="1.0" encoding="utf-8"?><testsuites name="pytest tests"><testsuite name="pytest" errors="0" failures="1" skipped="0" tests="16" time="46.619" timestamp="2026-02-05T12:43:05.706867+00:00" hostname="agent-env-9aedfb07-dfc8-454e-8953-053df0c9da10"><testcase classname="backend.tests.test_coach_conversational.TestCoachConversationalFormat" name="test_api_health" time="0.113" /><testcase classname="backend.tests.test_coach_conversational.TestCoachConversationalFormat" name="test_english_response_no_stars" time="4.791" /><testcase classname="backend.tests.test_coach_conversational.TestCoachConversationalFormat" name="test_english_response_no_markdown_headers" time="2.370" /><testcase classname="backend.tests.test_coach_conversational.TestCoachConversationalFormat" name="test_english_response_no_numbered_lists" time="2.192" /><testcase classname="backend.tests.test_coach_conversational.TestCoachConversationalFormat" name="test_english_response_is_conversational" time="2.546" /><testcase classname="backend.tests.test_coach_conversational.TestCoachConversationalFormat" name="test_english_response_100_percent_english" time="3.019" /><testcase classname="backend.tests.test_coach_conversational.TestCoachConversationalFormat" name="test_french_response_no_stars" time="2.505" /><testcase classname="backend.tests.test_coach_conversational.TestCoachConversationalFormat" name="test_french_response_no_markdown_headers" time="2.814" /><testcase classname="backend.tests.test_coach_conversational.TestCoachConversationalFormat" name="test_french_response_no_numbered_lists" time="4.014" /><testcase classname="backend.tests.test_coach_conversational.TestCoachConversationalFormat" name="test_french_response_100_percent_french" time="2.662" /><testcase classname="backend.tests.test_coach_conversational.TestCoachConversationalFormat" name="test_response_readable_under_15_seconds" time="4.207" /><testcase classname="backend.tests.test_coach_conversational.TestCoachConversationalFormat" name="test_response_has_coach_tip" time="0.995"><failure message="assert 520 == 200&#10; +  where 520 = &lt;Response [520]&gt;.status_code">backend/tests/test_coach_conversational.py:247: in test_response_has_coach_tip
    assert response.status_code == 200
E   assert 520 == 200
E    +  where 520 = &lt;Response [520]&gt;.status_code</failure></testcase><testcase classname="backend.tests.test_coach_conversational.TestCoachClearHistory" name="test_clear_history_works" time="3.348" /><testcase classname="backend.tests.test_coach_conversational.TestQuickActionButtons" name="test_training_load_question" time="3.922" /><testcase classname="backend.tests.test_coach_conversational.TestQuickActionButtons" name="test_heart_rate_question" time="3.368" /><testcase classname="backend.tests.test_coach_conversational.TestQuickActionButtons" name="test_pace_consistency_question" time="3.606" /></testsuite></testsuites>