<?xml version="1.0" encoding="utf-8"?><testsuites name="pytest tests"><testsuite name="pytest" errors="0" failures="0" skipped="0" tests="12" time="0.536" timestamp="2026-02-03T07:51:56.984705+00:00" hostname="agent-env-9aedfb07-dfc8-454e-8953-053df0c9da10"><testcase classname="backend.tests.test_strava_integration.TestStravaEndpoints" name="test_strava_status_not_connected" time="0.057" /><testcase classname="backend.tests.test_strava_integration.TestStravaEndpoints" name="test_strava_authorize_returns_error_without_credentials" time="0.037" /><testcase classname="backend.tests.test_strava_integration.TestStravaEndpoints" name="test_strava_sync_not_connected" time="0.034" /><testcase classname="backend.tests.test_strava_integration.TestStravaEndpoints" name="test_strava_disconnect_success" time="0.041" /><testcase classname="backend.tests.test_strava_integration.TestGarminDormantEndpoints" name="test_garmin_status_endpoint_exists" time="0.033" /><testcase classname="backend.tests.test_strava_integration.TestGarminDormantEndpoints" name="test_garmin_authorize_endpoint_exists" time="0.033" /><testcase classname="backend.tests.test_strava_integration.TestGarminDormantEndpoints" name="test_garmin_sync_endpoint_exists" time="0.033" /><testcase classname="backend.tests.test_strava_integration.TestGarminDormantEndpoints" name="test_garmin_disconnect_endpoint_exists" time="0.035" /><testcase classname="backend.tests.test_strava_integration.TestExistingFunctionality" name="test_api_root" time="0.031" /><testcase classname="backend.tests.test_strava_integration.TestExistingFunctionality" name="test_get_workouts" time="0.038" /><testcase classname="backend.tests.test_strava_integration.TestExistingFunctionality" name="test_get_stats" time="0.076" /><testcase classname="backend.tests.test_strava_integration.TestExistingFunctionality" name="test_coach_history" time="0.032" /></testsuite></testsuites>