<?xml version="1.0" encoding="utf-8"?><testsuites name="pytest tests"><testsuite name="pytest" errors="0" failures="0" skipped="0" tests="17" time="53.458" timestamp="2026-02-08T11:24:44.685467+00:00" hostname="agent-env-c4246513-7cb5-4781-8257-0b09abb2e9c6"><testcase classname="backend.tests.test_weekly_review.TestWeeklyReviewEndpoint" name="test_digest_endpoint_returns_200" time="3.144" /><testcase classname="backend.tests.test_weekly_review.TestWeeklyReviewEndpoint" name="test_response_has_coach_summary" time="3.176" /><testcase classname="backend.tests.test_weekly_review.TestWeeklyReviewEndpoint" name="test_response_has_signals" time="2.922" /><testcase classname="backend.tests.test_weekly_review.TestWeeklyReviewEndpoint" name="test_signals_have_correct_structure" time="2.822" /><testcase classname="backend.tests.test_weekly_review.TestWeeklyReviewEndpoint" name="test_response_has_metrics" time="2.690" /><testcase classname="backend.tests.test_weekly_review.TestWeeklyReviewEndpoint" name="test_response_has_comparison" time="3.203" /><testcase classname="backend.tests.test_weekly_review.TestWeeklyReviewEndpoint" name="test_response_has_coach_reading" time="3.730" /><testcase classname="backend.tests.test_weekly_review.TestWeeklyReviewEndpoint" name="test_response_has_recommendations" time="2.863" /><testcase classname="backend.tests.test_weekly_review.TestWeeklyReviewEndpoint" name="test_response_has_period_dates" time="3.058" /><testcase classname="backend.tests.test_weekly_review.TestWeeklyReviewFrench" name="test_french_digest_returns_200" time="3.398" /><testcase classname="backend.tests.test_weekly_review.TestWeeklyReviewFrench" name="test_french_coach_summary_is_french" time="5.390" /><testcase classname="backend.tests.test_weekly_review.TestWeeklyReviewFrench" name="test_french_response_has_same_structure" time="3.349" /><testcase classname="backend.tests.test_weekly_review.TestWeeklyReviewContentQuality" name="test_coach_summary_is_one_sentence" time="3.771" /><testcase classname="backend.tests.test_weekly_review.TestWeeklyReviewContentQuality" name="test_coach_reading_is_2_3_sentences" time="2.908" /><testcase classname="backend.tests.test_weekly_review.TestWeeklyReviewContentQuality" name="test_recommendations_are_action_oriented" time="3.737" /><testcase classname="backend.tests.test_weekly_review.TestWeeklyReviewContentQuality" name="test_no_markdown_in_content" time="3.143" /><testcase classname="backend.tests.test_weekly_review.TestWeeklyReviewLatestEndpoint" name="test_latest_digest_returns_200_or_null" time="0.034" /></testsuite></testsuites>