<?xml version="1.0" encoding="utf-8"?><testsuites name="pytest tests"><testsuite name="pytest" errors="0" failures="0" skipped="0" tests="20" time="2.638" timestamp="2026-02-23T08:20:06.552709+00:00" hostname="agent-env-4c645822-49b0-476f-85a4-0580aad038ed"><testcase classname="backend.tests.test_rag_enrichment.TestRAGWorkoutSplitAnalysis" name="test_workout_has_split_analysis" time="0.255" /><testcase classname="backend.tests.test_rag_enrichment.TestRAGWorkoutSplitAnalysis" name="test_split_analysis_has_fastest_km" time="0.154" /><testcase classname="backend.tests.test_rag_enrichment.TestRAGWorkoutSplitAnalysis" name="test_split_analysis_has_slowest_km" time="0.138" /><testcase classname="backend.tests.test_rag_enrichment.TestRAGWorkoutSplitAnalysis" name="test_split_analysis_has_pace_drop" time="0.111" /><testcase classname="backend.tests.test_rag_enrichment.TestRAGWorkoutSplitAnalysis" name="test_split_analysis_has_consistency_score" time="0.119" /><testcase classname="backend.tests.test_rag_enrichment.TestRAGWorkoutSplitAnalysis" name="test_split_analysis_has_negative_split" time="0.135" /><testcase classname="backend.tests.test_rag_enrichment.TestRAGWorkoutHRAnalysis" name="test_workout_has_hr_analysis" time="0.150" /><testcase classname="backend.tests.test_rag_enrichment.TestRAGWorkoutHRAnalysis" name="test_hr_analysis_has_min_hr" time="0.115" /><testcase classname="backend.tests.test_rag_enrichment.TestRAGWorkoutHRAnalysis" name="test_hr_analysis_has_avg_hr" time="0.114" /><testcase classname="backend.tests.test_rag_enrichment.TestRAGWorkoutHRAnalysis" name="test_hr_analysis_has_max_hr" time="0.108" /><testcase classname="backend.tests.test_rag_enrichment.TestRAGWorkoutHRAnalysis" name="test_hr_analysis_has_hr_drift" time="0.112" /><testcase classname="backend.tests.test_rag_enrichment.TestRAGWorkoutHRAnalysis" name="test_hr_values_logical" time="0.113" /><testcase classname="backend.tests.test_rag_enrichment.TestRAGWorkoutCadenceAnalysis" name="test_workout_has_cadence_analysis" time="0.110" /><testcase classname="backend.tests.test_rag_enrichment.TestRAGWorkoutCadenceAnalysis" name="test_cadence_analysis_has_min_cadence" time="0.128" /><testcase classname="backend.tests.test_rag_enrichment.TestRAGWorkoutCadenceAnalysis" name="test_cadence_analysis_has_max_cadence" time="0.113" /><testcase classname="backend.tests.test_rag_enrichment.TestRAGWorkoutCadenceAnalysis" name="test_cadence_analysis_has_avg_cadence" time="0.125" /><testcase classname="backend.tests.test_rag_enrichment.TestRAGWorkoutCadenceAnalysis" name="test_cadence_analysis_has_stability" time="0.108" /><testcase classname="backend.tests.test_rag_enrichment.TestRAGWorkoutComparison" name="test_comparison_has_splits_comparison" time="0.117" /><testcase classname="backend.tests.test_rag_enrichment.TestRAGWorkoutComparison" name="test_comparison_has_progression" time="0.117" /><testcase classname="backend.tests.test_rag_enrichment.TestRAGSources" name="test_rag_sources_indicates_detailed_data" time="0.111" /></testsuite></testsuites>