<?xml version="1.0" encoding="utf-8"?><testsuites name="pytest tests"><testsuite name="pytest" errors="0" failures="0" skipped="0" tests="22" time="42.296" timestamp="2026-02-09T21:01:05.625843+00:00" hostname="agent-env-c4246513-7cb5-4781-8257-0b09abb2e9c6"><testcase classname="backend.tests.test_new_features.TestRecoveryScore" name="test_dashboard_insight_returns_recovery_score" time="1.306" /><testcase classname="backend.tests.test_new_features.TestRecoveryScore" name="test_recovery_score_has_required_fields" time="1.065" /><testcase classname="backend.tests.test_new_features.TestRecoveryScore" name="test_recovery_score_value_range" time="1.322" /><testcase classname="backend.tests.test_new_features.TestRecoveryScore" name="test_recovery_score_status_values" time="0.799" /><testcase classname="backend.tests.test_new_features.TestRecoveryScore" name="test_recovery_score_phrase_not_empty" time="1.062" /><testcase classname="backend.tests.test_new_features.TestRecoveryScore" name="test_recovery_score_french_language" time="1.011" /><testcase classname="backend.tests.test_new_features.TestUserGoal" name="test_create_goal_success" time="0.118" /><testcase classname="backend.tests.test_new_features.TestUserGoal" name="test_create_goal_returns_correct_data" time="0.116" /><testcase classname="backend.tests.test_new_features.TestUserGoal" name="test_get_goal_returns_created_goal" time="0.146" /><testcase classname="backend.tests.test_new_features.TestUserGoal" name="test_get_goal_returns_null_when_no_goal" time="0.156" /><testcase classname="backend.tests.test_new_features.TestUserGoal" name="test_delete_goal_success" time="0.152" /><testcase classname="backend.tests.test_new_features.TestUserGoal" name="test_delete_goal_verify_removed" time="0.234" /><testcase classname="backend.tests.test_new_features.TestUserGoal" name="test_update_goal_replaces_existing" time="0.192" /><testcase classname="backend.tests.test_new_features.TestWeeklyReviewWithGoal" name="test_digest_returns_user_goal" time="4.228" /><testcase classname="backend.tests.test_new_features.TestWeeklyReviewWithGoal" name="test_digest_user_goal_has_correct_fields" time="4.432" /><testcase classname="backend.tests.test_new_features.TestWeeklyReviewWithGoal" name="test_digest_returns_recommendations_followup" time="3.796" /><testcase classname="backend.tests.test_new_features.TestWeeklyReviewWithGoal" name="test_digest_recommendations_followup_is_string" time="6.019" /><testcase classname="backend.tests.test_new_features.TestWeeklyReviewWithGoal" name="test_digest_french_with_goal" time="4.694" /><testcase classname="backend.tests.test_new_features.TestWeeklyReviewWithGoal" name="test_digest_still_has_core_fields" time="5.038" /><testcase classname="backend.tests.test_new_features.TestDashboardInsightComplete" name="test_dashboard_insight_has_all_fields" time="1.873" /><testcase classname="backend.tests.test_new_features.TestDashboardInsightComplete" name="test_week_stats_structure" time="3.363" /><testcase classname="backend.tests.test_new_features.TestDashboardInsightComplete" name="test_month_stats_structure" time="1.037" /></testsuite></testsuites>