<?xml version="1.0" encoding="utf-8"?><testsuites name="pytest tests"><testsuite name="pytest" errors="0" failures="0" skipped="0" tests="20" time="25.910" timestamp="2026-03-12T07:55:01.376724+00:00" hostname="agent-env-68ed312e-1d9d-4dc9-b6b2-b8b3a6e3444d"><testcase classname="backend.tests.test_training_plan_vma.TestTrainingPlanVMA" name="test_training_plan_returns_200" time="1.147" /><testcase classname="backend.tests.test_training_plan_vma.TestTrainingPlanVMA" name="test_plan_contains_vma_field" time="0.000" /><testcase classname="backend.tests.test_training_plan_vma.TestTrainingPlanVMA" name="test_plan_contains_vo2max_field" time="0.000" /><testcase classname="backend.tests.test_training_plan_vma.TestTrainingPlanVMA" name="test_plan_contains_readiness_score" time="0.000" /><testcase classname="backend.tests.test_training_plan_vma.TestTrainingPlanVMA" name="test_plan_contains_prep_status" time="0.000" /><testcase classname="backend.tests.test_training_plan_vma.TestTrainingPlanVMA" name="test_plan_contains_adjusted_weeks" time="0.000" /><testcase classname="backend.tests.test_training_plan_vma.TestTrainingPlanVMA" name="test_plan_contains_personalized_paces" time="0.000" /><testcase classname="backend.tests.test_training_plan_vma.TestSessionsWithPersonalizedPaces" name="test_sessions_exist_in_plan" time="0.000" /><testcase classname="backend.tests.test_training_plan_vma.TestSessionsWithPersonalizedPaces" name="test_sessions_have_required_fields" time="0.000" /><testcase classname="backend.tests.test_training_plan_vma.TestSessionsWithPersonalizedPaces" name="test_non_rest_sessions_contain_pace_in_details" time="0.000" /><testcase classname="backend.tests.test_training_plan_vma.TestSessionsWithPersonalizedPaces" name="test_session_paces_match_vma_derived_paces" time="0.000" /><testcase classname="backend.tests.test_training_plan_vma.TestPlanAdaptation" name="test_context_contains_fitness_metrics" time="0.000" /><testcase classname="backend.tests.test_training_plan_vma.TestPlanAdaptation" name="test_adjusted_weeks_varies_with_prep_status" time="0.000" /><testcase classname="backend.tests.test_training_plan_vma.TestTrainingPlanRefresh" name="test_refresh_plan_returns_200" time="10.492" /><testcase classname="backend.tests.test_training_plan_vma.TestTrainingPlanRefresh" name="test_refresh_with_sessions_parameter" time="12.128" /><testcase classname="backend.tests.test_training_plan_vma.TestFullCycleWithVMA" name="test_full_cycle_returns_200" time="2.121" /><testcase classname="backend.tests.test_training_plan_vma.TestFullCycleWithVMA" name="test_full_cycle_weeks_have_required_fields" time="0.000" /><testcase classname="backend.tests.test_training_plan_vma.TestPacesCalculation" name="test_z1_pace_slower_than_z5" time="0.000" /><testcase classname="backend.tests.test_training_plan_vma.TestPacesCalculation" name="test_marathon_pace_slower_than_semi_pace" time="0.000" /><testcase classname="backend.tests.test_training_plan_vma.TestPacesCalculation" name="test_paces_are_realistic_for_vma" time="0.000" /></testsuite></testsuites>