<?xml version="1.0" encoding="utf-8"?><testsuites name="pytest tests"><testsuite name="pytest" errors="0" failures="0" skipped="0" tests="20" time="3.827" timestamp="2026-02-21T11:35:18.522791+00:00" hostname="agent-env-a5e2fb92-dd92-415e-8405-c0b279f828b0"><testcase classname="backend.tests.test_subscription_chat.TestSubscriptionTiers" name="test_get_subscription_tiers" time="0.294" /><testcase classname="backend.tests.test_subscription_chat.TestSubscriptionTiers" name="test_free_tier_details" time="0.151" /><testcase classname="backend.tests.test_subscription_chat.TestSubscriptionTiers" name="test_starter_tier_details" time="0.105" /><testcase classname="backend.tests.test_subscription_chat.TestSubscriptionTiers" name="test_confort_tier_details" time="0.096" /><testcase classname="backend.tests.test_subscription_chat.TestSubscriptionTiers" name="test_pro_tier_unlimited" time="0.100" /><testcase classname="backend.tests.test_subscription_chat.TestSubscriptionStatus" name="test_get_subscription_status" time="0.105" /><testcase classname="backend.tests.test_subscription_chat.TestSubscriptionStatus" name="test_subscription_status_has_correct_fields" time="0.109" /><testcase classname="backend.tests.test_subscription_chat.TestSubscriptionStatus" name="test_subscription_status_for_new_user" time="0.107" /><testcase classname="backend.tests.test_subscription_chat.TestStripeCheckout" name="test_create_checkout_session_starter" time="0.605" /><testcase classname="backend.tests.test_subscription_chat.TestStripeCheckout" name="test_create_checkout_session_confort" time="0.462" /><testcase classname="backend.tests.test_subscription_chat.TestStripeCheckout" name="test_create_checkout_session_pro" time="0.458" /><testcase classname="backend.tests.test_subscription_chat.TestStripeCheckout" name="test_checkout_invalid_tier_rejected" time="0.215" /><testcase classname="backend.tests.test_subscription_chat.TestChatCoach" name="test_send_chat_message" time="0.113" /><testcase classname="backend.tests.test_subscription_chat.TestChatCoach" name="test_chat_response_about_fatigue" time="0.103" /><testcase classname="backend.tests.test_subscription_chat.TestChatCoach" name="test_chat_response_about_cadence" time="0.102" /><testcase classname="backend.tests.test_subscription_chat.TestChatCoach" name="test_chat_response_about_recovery" time="0.105" /><testcase classname="backend.tests.test_subscription_chat.TestChatCoach" name="test_chat_history" time="0.098" /><testcase classname="backend.tests.test_subscription_chat.TestChatCoach" name="test_chat_decrements_messages_remaining" time="0.204" /><testcase classname="backend.tests.test_subscription_chat.TestChatEngine" name="test_fallback_response_for_unknown_query" time="0.110" /><testcase classname="backend.tests.test_subscription_chat.TestChatEngine" name="test_chat_response_in_french" time="0.108" /></testsuite></testsuites>