<?xml version="1.0" encoding="utf-8"?><testsuites name="pytest tests"><testsuite name="pytest" errors="0" failures="0" skipped="0" tests="18" time="6.377" timestamp="2026-03-07T10:04:00.925448+00:00" hostname="agent-env-e34ac9bb-873d-41b6-96dc-7a5c94b601fe"><testcase classname="backend.tests.test_subscription.TestSubscriptionEndpoints" name="test_subscription_info_endpoint_returns_200" time="0.232" /><testcase classname="backend.tests.test_subscription.TestSubscriptionEndpoints" name="test_new_user_gets_trial_status" time="0.212" /><testcase classname="backend.tests.test_subscription.TestSubscriptionEndpoints" name="test_trial_user_has_all_features" time="0.203" /><testcase classname="backend.tests.test_subscription.TestSubscriptionEndpoints" name="test_subscription_display_info_french" time="0.218" /><testcase classname="backend.tests.test_subscription.TestSubscriptionEndpoints" name="test_subscription_display_info_english" time="0.212" /><testcase classname="backend.tests.test_subscription.TestSubscriptionEndpoints" name="test_trial_days_remaining" time="0.217" /><testcase classname="backend.tests.test_subscription.TestSubscriptionEndpoints" name="test_early_adopter_offer_endpoint" time="0.217" /><testcase classname="backend.tests.test_subscription.TestSubscriptionEndpoints" name="test_early_adopter_offer_english" time="0.195" /><testcase classname="backend.tests.test_subscription.TestSubscriptionEndpoints" name="test_early_adopter_checkout_creates_session" time="0.764" /><testcase classname="backend.tests.test_subscription.TestSubscriptionEndpoints" name="test_checkout_session_has_correct_amount" time="0.593" /><testcase classname="backend.tests.test_subscription.TestSubscriptionEndpoints" name="test_verify_checkout_activates_early_adopter" time="0.760" /><testcase classname="backend.tests.test_subscription.TestSubscriptionEndpoints" name="test_simulate_trial_end_sets_free_status" time="0.419" /><testcase classname="backend.tests.test_subscription.TestSubscriptionEndpoints" name="test_free_user_has_limited_features" time="0.422" /><testcase classname="backend.tests.test_subscription.TestSubscriptionEndpoints" name="test_activate_early_adopter_endpoint" time="0.302" /><testcase classname="backend.tests.test_subscription.TestSubscriptionEndpoints" name="test_early_adopter_has_all_features" time="0.338" /><testcase classname="backend.tests.test_subscription.TestSubscriptionEndpoints" name="test_early_adopter_display_info" time="0.312" /><testcase classname="backend.tests.test_subscription.TestSubscriptionEndpoints" name="test_cancel_subscription_sets_free_status" time="0.299" /><testcase classname="backend.tests.test_subscription.TestSubscriptionEndpoints" name="test_reset_to_trial" time="0.407" /></testsuite></testsuites>