<?xml version="1.0" encoding="utf-8"?><testsuites name="pytest tests"><testsuite name="pytest" errors="0" failures="0" skipped="0" tests="15" time="6.315" timestamp="2026-02-09T21:28:48.185869+00:00" hostname="agent-env-c4246513-7cb5-4781-8257-0b09abb2e9c6"><testcase classname="backend.tests.test_enhanced_goal.TestEnhancedGoalAPI" name="test_api_health" time="0.139" /><testcase classname="backend.tests.test_enhanced_goal.TestEnhancedGoalAPI" name="test_create_goal_5k" time="0.114" /><testcase classname="backend.tests.test_enhanced_goal.TestEnhancedGoalAPI" name="test_create_goal_10k" time="0.111" /><testcase classname="backend.tests.test_enhanced_goal.TestEnhancedGoalAPI" name="test_create_goal_semi_marathon" time="0.116" /><testcase classname="backend.tests.test_enhanced_goal.TestEnhancedGoalAPI" name="test_create_goal_marathon" time="0.153" /><testcase classname="backend.tests.test_enhanced_goal.TestEnhancedGoalAPI" name="test_create_goal_ultra" time="0.115" /><testcase classname="backend.tests.test_enhanced_goal.TestEnhancedGoalAPI" name="test_goal_without_target_time" time="0.118" /><testcase classname="backend.tests.test_enhanced_goal.TestEnhancedGoalAPI" name="test_goal_with_zero_target_time" time="0.112" /><testcase classname="backend.tests.test_enhanced_goal.TestEnhancedGoalAPI" name="test_get_goal_returns_all_fields" time="0.148" /><testcase classname="backend.tests.test_enhanced_goal.TestEnhancedGoalAPI" name="test_delete_goal" time="0.192" /><testcase classname="backend.tests.test_enhanced_goal.TestGoalInDigest" name="test_digest_includes_goal_with_pace" time="4.427" /><testcase classname="backend.tests.test_enhanced_goal.TestPaceCalculation" name="test_pace_5k_in_25min" time="0.108" /><testcase classname="backend.tests.test_enhanced_goal.TestPaceCalculation" name="test_pace_10k_in_45min" time="0.107" /><testcase classname="backend.tests.test_enhanced_goal.TestPaceCalculation" name="test_pace_marathon_in_3h45" time="0.108" /><testcase classname="backend.tests.test_enhanced_goal.TestPaceCalculation" name="test_pace_semi_in_1h30" time="0.187" /></testsuite></testsuites>