<?xml version="1.0" encoding="utf-8"?><testsuites name="pytest tests"><testsuite name="pytest" errors="0" failures="0" skipped="0" tests="17" time="19.592" timestamp="2026-02-07T16:54:46.605842+00:00" hostname="agent-env-9aedfb07-dfc8-454e-8953-053df0c9da10"><testcase classname="backend.tests.test_dashboard_insight.TestDashboardInsightAPI" name="test_dashboard_insight_returns_200" time="3.467" /><testcase classname="backend.tests.test_dashboard_insight.TestDashboardInsightAPI" name="test_dashboard_insight_has_coach_insight" time="0.817" /><testcase classname="backend.tests.test_dashboard_insight.TestDashboardInsightAPI" name="test_coach_insight_is_one_sentence_max_15_words" time="0.882" /><testcase classname="backend.tests.test_dashboard_insight.TestDashboardInsightAPI" name="test_dashboard_insight_has_week_stats" time="0.705" /><testcase classname="backend.tests.test_dashboard_insight.TestDashboardInsightAPI" name="test_week_sessions_is_count_of_workouts" time="0.946" /><testcase classname="backend.tests.test_dashboard_insight.TestDashboardInsightAPI" name="test_week_volume_km_is_total_km" time="1.277" /><testcase classname="backend.tests.test_dashboard_insight.TestDashboardInsightAPI" name="test_week_load_signal_is_valid" time="1.124" /><testcase classname="backend.tests.test_dashboard_insight.TestDashboardInsightAPI" name="test_dashboard_insight_has_month_stats" time="0.881" /><testcase classname="backend.tests.test_dashboard_insight.TestDashboardInsightAPI" name="test_month_volume_km_is_total_30_days" time="0.971" /><testcase classname="backend.tests.test_dashboard_insight.TestDashboardInsightAPI" name="test_month_active_weeks_is_count" time="1.051" /><testcase classname="backend.tests.test_dashboard_insight.TestDashboardInsightAPI" name="test_month_trend_is_valid" time="0.976" /><testcase classname="backend.tests.test_dashboard_insight.TestDashboardInsightFrench" name="test_french_insight_returns_200" time="0.866" /><testcase classname="backend.tests.test_dashboard_insight.TestDashboardInsightFrench" name="test_french_insight_is_in_french" time="1.002" /><testcase classname="backend.tests.test_dashboard_insight.TestDashboardInsightFrench" name="test_french_insight_same_structure" time="0.992" /><testcase classname="backend.tests.test_dashboard_insight.TestDashboardNoRawNumbers" name="test_no_hr_numbers_in_insight" time="1.301" /><testcase classname="backend.tests.test_dashboard_insight.TestDashboardNoRawNumbers" name="test_no_pace_numbers_in_insight" time="1.006" /><testcase classname="backend.tests.test_dashboard_insight.TestDashboardNoRawNumbers" name="test_insight_is_action_oriented" time="1.200" /></testsuite></testsuites>