<?xml version="1.0" encoding="utf-8"?><testsuites name="pytest tests"><testsuite name="pytest" errors="0" failures="0" skipped="0" tests="13" time="20.432" timestamp="2026-02-03T18:38:53.952407+00:00" hostname="agent-env-9aedfb07-dfc8-454e-8953-053df0c9da10"><testcase classname="backend.tests.test_mobile_workout_analysis.TestMobileWorkoutAnalysis" name="test_workout_analysis_returns_200" time="1.988" /><testcase classname="backend.tests.test_mobile_workout_analysis.TestMobileWorkoutAnalysis" name="test_response_contains_coach_summary" time="1.835" /><testcase classname="backend.tests.test_mobile_workout_analysis.TestMobileWorkoutAnalysis" name="test_response_contains_intensity_card" time="1.736" /><testcase classname="backend.tests.test_mobile_workout_analysis.TestMobileWorkoutAnalysis" name="test_response_contains_load_card" time="2.927" /><testcase classname="backend.tests.test_mobile_workout_analysis.TestMobileWorkoutAnalysis" name="test_response_contains_session_type_card" time="1.924" /><testcase classname="backend.tests.test_mobile_workout_analysis.TestMobileWorkoutAnalysis" name="test_response_contains_insight" time="2.464" /><testcase classname="backend.tests.test_mobile_workout_analysis.TestMobileWorkoutAnalysis" name="test_response_contains_guidance" time="1.900" /><testcase classname="backend.tests.test_mobile_workout_analysis.TestMobileWorkoutAnalysis" name="test_french_language_support" time="2.074" /><testcase classname="backend.tests.test_mobile_workout_analysis.TestMobileWorkoutAnalysis" name="test_workout_not_found_returns_404" time="0.038" /><testcase classname="backend.tests.test_mobile_workout_analysis.TestMobileWorkoutAnalysis" name="test_workout_id_in_response" time="3.353" /><testcase classname="backend.tests.test_mobile_workout_analysis.TestWorkoutDetailEndpoint" name="test_workout_detail_returns_200" time="0.061" /><testcase classname="backend.tests.test_mobile_workout_analysis.TestWorkoutDetailEndpoint" name="test_workout_detail_contains_required_fields" time="0.037" /><testcase classname="backend.tests.test_mobile_workout_analysis.TestWorkoutDetailEndpoint" name="test_workout_has_strava_data" time="0.035" /></testsuite></testsuites>