<?xml version="1.0" encoding="utf-8"?><testsuites name="pytest tests"><testsuite name="pytest" errors="0" failures="0" skipped="0" tests="23" time="3.553" timestamp="2026-02-22T20:22:10.794008+00:00" hostname="agent-env-aff1c339-12c3-40bf-af8a-1d905d7b434c"><testcase classname="backend.tests.test_rag_endpoints.TestRAGDashboard" name="test_rag_dashboard_returns_200" time="0.235" /><testcase classname="backend.tests.test_rag_endpoints.TestRAGDashboard" name="test_rag_dashboard_km_total_greater_than_zero" time="0.149" /><testcase classname="backend.tests.test_rag_endpoints.TestRAGDashboard" name="test_rag_dashboard_nb_seances_greater_than_zero" time="0.133" /><testcase classname="backend.tests.test_rag_endpoints.TestRAGDashboard" name="test_rag_dashboard_allure_moy_not_na" time="0.143" /><testcase classname="backend.tests.test_rag_endpoints.TestRAGDashboard" name="test_rag_dashboard_duree_totale_not_zero" time="0.117" /><testcase classname="backend.tests.test_rag_endpoints.TestRAGDashboard" name="test_rag_dashboard_has_rag_summary" time="0.117" /><testcase classname="backend.tests.test_rag_endpoints.TestRAGDashboard" name="test_rag_dashboard_has_points_forts" time="0.156" /><testcase classname="backend.tests.test_rag_endpoints.TestRAGWeeklyReview" name="test_rag_weekly_review_returns_200" time="0.193" /><testcase classname="backend.tests.test_rag_endpoints.TestRAGWeeklyReview" name="test_rag_weekly_review_km_total_greater_than_zero" time="0.165" /><testcase classname="backend.tests.test_rag_endpoints.TestRAGWeeklyReview" name="test_rag_weekly_review_has_comparison" time="0.159" /><testcase classname="backend.tests.test_rag_endpoints.TestRAGWeeklyReview" name="test_rag_weekly_review_has_rag_summary" time="0.156" /><testcase classname="backend.tests.test_rag_endpoints.TestRAGWorkoutAnalysis" name="test_rag_workout_analysis_returns_200" time="0.129" /><testcase classname="backend.tests.test_rag_endpoints.TestRAGWorkoutAnalysis" name="test_rag_workout_analysis_km_greater_than_zero" time="0.168" /><testcase classname="backend.tests.test_rag_endpoints.TestRAGWorkoutAnalysis" name="test_rag_workout_analysis_duree_not_zero" time="0.151" /><testcase classname="backend.tests.test_rag_endpoints.TestRAGWorkoutAnalysis" name="test_rag_workout_analysis_has_comparison" time="0.132" /><testcase classname="backend.tests.test_rag_endpoints.TestRAGWorkoutAnalysis" name="test_rag_workout_analysis_404_for_invalid_id" time="0.125" /><testcase classname="backend.tests.test_rag_endpoints.TestWorkoutsEndpoint" name="test_workouts_returns_200" time="0.140" /><testcase classname="backend.tests.test_rag_endpoints.TestWorkoutsEndpoint" name="test_workouts_returns_expected_count" time="0.132" /><testcase classname="backend.tests.test_rag_endpoints.TestWorkoutsEndpoint" name="test_workouts_have_required_fields" time="0.122" /><testcase classname="backend.tests.test_rag_endpoints.TestDashboardInsight" name="test_dashboard_insight_returns_200" time="0.118" /><testcase classname="backend.tests.test_rag_endpoints.TestDashboardInsight" name="test_dashboard_insight_has_coach_insight" time="0.173" /><testcase classname="backend.tests.test_rag_endpoints.TestDashboardInsight" name="test_dashboard_insight_has_week_data" time="0.115" /><testcase classname="backend.tests.test_rag_endpoints.TestDashboardInsight" name="test_dashboard_insight_has_recovery_score" time="0.122" /></testsuite></testsuites>