<?xml version="1.0" encoding="utf-8"?><testsuites name="pytest tests"><testsuite name="pytest" errors="0" failures="0" skipped="0" tests="18" time="87.505" timestamp="2026-02-05T07:58:10.000729+00:00" hostname="agent-env-9aedfb07-dfc8-454e-8953-053df0c9da10"><testcase classname="backend.tests.test_detailed_analysis.TestDetailedAnalysisEndpoint" name="test_endpoint_returns_200" time="5.400" /><testcase classname="backend.tests.test_detailed_analysis.TestDetailedAnalysisEndpoint" name="test_response_structure_has_all_required_fields" time="5.083" /><testcase classname="backend.tests.test_detailed_analysis.TestDetailedAnalysisEndpoint" name="test_header_has_context_and_session_name" time="5.152" /><testcase classname="backend.tests.test_detailed_analysis.TestDetailedAnalysisEndpoint" name="test_header_context_is_one_sentence_max" time="5.542" /><testcase classname="backend.tests.test_detailed_analysis.TestDetailedAnalysisEndpoint" name="test_execution_card_has_intensity_volume_regularity" time="4.502" /><testcase classname="backend.tests.test_detailed_analysis.TestDetailedAnalysisEndpoint" name="test_execution_intensity_valid_values_en" time="4.329" /><testcase classname="backend.tests.test_detailed_analysis.TestDetailedAnalysisEndpoint" name="test_execution_volume_valid_values_en" time="5.865" /><testcase classname="backend.tests.test_detailed_analysis.TestDetailedAnalysisEndpoint" name="test_execution_regularity_valid_values_en" time="4.536" /><testcase classname="backend.tests.test_detailed_analysis.TestDetailedAnalysisEndpoint" name="test_meaning_text_is_2_3_sentences" time="4.897" /><testcase classname="backend.tests.test_detailed_analysis.TestDetailedAnalysisEndpoint" name="test_recovery_text_is_one_key_message" time="6.302" /><testcase classname="backend.tests.test_detailed_analysis.TestDetailedAnalysisEndpoint" name="test_advice_text_is_one_recommendation" time="4.918" /><testcase classname="backend.tests.test_detailed_analysis.TestDetailedAnalysisEndpoint" name="test_advanced_section_exists" time="4.582" /><testcase classname="backend.tests.test_detailed_analysis.TestLanguageEnforcement" name="test_english_response_has_no_french_words" time="4.895" /><testcase classname="backend.tests.test_detailed_analysis.TestLanguageEnforcement" name="test_french_response_has_no_english_words" time="5.411" /><testcase classname="backend.tests.test_detailed_analysis.TestLanguageEnforcement" name="test_french_execution_values" time="5.440" /><testcase classname="backend.tests.test_detailed_analysis.TestWorkoutNotFound" name="test_invalid_workout_returns_404" time="0.066" /><testcase classname="backend.tests.test_detailed_analysis.TestResponseQuality" name="test_response_is_scannable_under_10_seconds" time="5.547" /><testcase classname="backend.tests.test_detailed_analysis.TestResponseQuality" name="test_no_excessive_numbers" time="4.967" /></testsuite></testsuites>