<?xml version="1.0" encoding="utf-8"?><testsuites name="pytest tests"><testsuite name="pytest" errors="0" failures="0" skipped="0" tests="12" time="27.047" timestamp="2026-02-03T11:55:48.878942+00:00" hostname="agent-env-9aedfb07-dfc8-454e-8953-053df0c9da10"><testcase classname="backend.tests.test_weekly_digest.TestWeeklyDigestAPI" name="test_digest_endpoint_returns_200" time="1.925" /><testcase classname="backend.tests.test_weekly_digest.TestWeeklyDigestAPI" name="test_digest_response_structure" time="2.737" /><testcase classname="backend.tests.test_weekly_digest.TestWeeklyDigestAPI" name="test_digest_executive_summary_is_short" time="2.186" /><testcase classname="backend.tests.test_weekly_digest.TestWeeklyDigestAPI" name="test_digest_metrics_structure" time="2.173" /><testcase classname="backend.tests.test_weekly_digest.TestWeeklyDigestAPI" name="test_digest_signals_structure" time="2.099" /><testcase classname="backend.tests.test_weekly_digest.TestWeeklyDigestAPI" name="test_digest_insights_max_three" time="2.706" /><testcase classname="backend.tests.test_weekly_digest.TestWeeklyDigestAPI" name="test_digest_zone_distribution" time="2.131" /><testcase classname="backend.tests.test_weekly_digest.TestWeeklyDigestAPI" name="test_digest_french_language" time="4.787" /><testcase classname="backend.tests.test_weekly_digest.TestWeeklyDigestAPI" name="test_digest_no_strava_garmin_references" time="2.232" /><testcase classname="backend.tests.test_weekly_digest.TestWeeklyDigestAPI" name="test_digest_period_dates_valid" time="1.848" /><testcase classname="backend.tests.test_weekly_digest.TestWeeklyDigestAPI" name="test_digest_generated_at_timestamp" time="2.101" /><testcase classname="backend.tests.test_weekly_digest.TestDigestLatestEndpoint" name="test_digest_latest_endpoint" time="0.064" /></testsuite></testsuites>